#
# There is insufficient memory for the Java Runtime Environment to continue.
# Native memory allocation (malloc) failed to allocate 32744 bytes for ChunkPool::allocate
# Possible reasons:
#   The system is out of physical RAM or swap space
#   In 32 bit mode, the process size limit was hit
# Possible solutions:
#   Reduce memory load on the system
#   Increase physical memory or swap space
#   Check if swap backing store is full
#   Use 64 bit Java on a 64 bit OS
#   Decrease Java heap size (-Xmx/-Xms)
#   Decrease number of Java threads
#   Decrease Java thread stack sizes (-Xss)
#   Set larger code cache with -XX:ReservedCodeCacheSize=
# This output file may be truncated or incomplete.
#
#  Out of Memory Error (allocation.cpp:273), pid=16516, tid=0x00000000000032fc
#
# JRE version: Java(TM) SE Runtime Environment (8.0_191-b12) (build 1.8.0_191-b12)
# Java VM: Java HotSpot(TM) 64-Bit Server VM (25.191-b12 mixed mode windows-amd64 compressed oops)
# Failed to write core dump. Minidumps are not enabled by default on client versions of Windows
#

---------------  T H R E A D  ---------------

Current thread (0x0000000018f74000):  JavaThread "C2 CompilerThread1" daemon [_thread_in_native, id=13052, stack(0x00000000197e0000,0x00000000198e0000)]

Stack: [0x00000000197e0000,0x00000000198e0000]
[error occurred during error reporting (printing stack bounds), id 0xc0000005]

Native frames: (J=compiled Java code, j=interpreted, Vv=VM code, C=native code)


Current CompileTask:
C2:   7759 4460   !   4       com.sun.beans.TypeResolver::resolve (274 bytes)


---------------  P R O C E S S  ---------------

Java Threads: ( => current thread )
  0x000000001a2bf000 JavaThread "Cache worker for Build Output Cleanup Cache (E:\Android\Android Stiudio\taotaoshopapp\.gradle\buildOutputCleanup)" [_thread_blocked, id=19520, stack(0x0000000023e40000,0x0000000023f40000)]
  0x000000001a2ba000 JavaThread "Build operations Thread 8" [_thread_blocked, id=18476, stack(0x0000000023740000,0x0000000023840000)]
  0x000000001a2b9800 JavaThread "Build operations Thread 7" [_thread_blocked, id=19436, stack(0x0000000023640000,0x0000000023740000)]
  0x000000001a2b7000 JavaThread "Build operations Thread 6" [_thread_blocked, id=19128, stack(0x0000000023540000,0x0000000023640000)]
  0x000000001a2b8800 JavaThread "Build operations Thread 5" [_thread_blocked, id=15980, stack(0x0000000023440000,0x0000000023540000)]
  0x000000001a2bc800 JavaThread "Build operations Thread 4" [_thread_blocked, id=17888, stack(0x0000000023340000,0x0000000023440000)]
  0x000000001a2bb800 JavaThread "Build operations Thread 3" [_thread_blocked, id=19888, stack(0x0000000023240000,0x0000000023340000)]
  0x000000001a2b8000 JavaThread "Build operations Thread 2" [_thread_blocked, id=20972, stack(0x0000000023140000,0x0000000023240000)]
  0x000000001a2be000 JavaThread "Build operations" [_thread_blocked, id=17176, stack(0x0000000023040000,0x0000000023140000)]
  0x000000001bd0b000 JavaThread "Cache worker for execution history cache (C:\Users\11399\.gradle\caches\5.6.4\executionHistory)" [_thread_blocked, id=19248, stack(0x0000000021550000,0x0000000021650000)]
  0x000000001bd0d800 JavaThread "Cache worker for cache directory md-rule (C:\Users\11399\.gradle\caches\5.6.4\md-rule)" [_thread_blocked, id=18080, stack(0x000000001ffc0000,0x00000000200c0000)]
  0x000000001bd12000 JavaThread "Cache worker for cache directory md-supplier (C:\Users\11399\.gradle\caches\5.6.4\md-supplier)" [_thread_blocked, id=16940, stack(0x000000001fd20000,0x000000001fe20000)]
  0x000000001bd0f800 JavaThread "Cache worker for file hash cache (E:\Android\Android Stiudio\taotaoshopapp\.gradle\5.6.4\fileHashes)" [_thread_blocked, id=18128, stack(0x000000001fec0000,0x000000001ffc0000)]
  0x000000001bd0f000 JavaThread "Cache worker for journal cache (C:\Users\11399\.gradle\caches\journal-1)" [_thread_blocked, id=6160, stack(0x000000001d880000,0x000000001d980000)]
  0x000000001bd0c800 JavaThread "File lock request listener" [_thread_in_native, id=4080, stack(0x000000001d780000,0x000000001d880000)]
  0x000000001bd0e000 JavaThread "Cache worker for file hash cache (C:\Users\11399\.gradle\caches\5.6.4\fileHashes)" [_thread_blocked, id=2080, stack(0x000000001d680000,0x000000001d780000)]
  0x000000001bd8c000 JavaThread "Thread-9" [_thread_blocked, id=8688, stack(0x000000001d380000,0x000000001d480000)]
  0x000000001bc31000 JavaThread "Stdin handler" [_thread_blocked, id=19820, stack(0x000000001d280000,0x000000001d380000)]
  0x000000001bc36800 JavaThread "Asynchronous log dispatcher for DefaultDaemonConnection: socket connection from /127.0.0.1:10313 to /127.0.0.1:10316" [_thread_blocked, id=208, stack(0x000000001d080000,0x000000001d180000)]
  0x000000001bc34800 JavaThread "Daemon worker" [_thread_in_vm, id=18392, stack(0x000000001cf80000,0x000000001d080000)]
  0x000000001bd62000 JavaThread "Cancel handler" [_thread_blocked, id=17660, stack(0x000000001ce80000,0x000000001cf80000)]
  0x000000001bbf7000 JavaThread "Handler for socket connection from /127.0.0.1:10313 to /127.0.0.1:10316" [_thread_in_native, id=2576, stack(0x000000001cb80000,0x000000001cc80000)]
  0x000000001bca0800 JavaThread "Daemon" [_thread_blocked, id=2828, stack(0x000000001ca80000,0x000000001cb80000)]
  0x000000001bc93800 JavaThread "Daemon periodic checks" [_thread_blocked, id=2208, stack(0x000000001c980000,0x000000001ca80000)]
  0x000000001bbe7000 JavaThread "Incoming local TCP Connector on port 10313" [_thread_in_native, id=4088, stack(0x000000001c880000,0x000000001c980000)]
  0x000000001bb5d000 JavaThread "Daemon health stats" [_thread_blocked, id=11544, stack(0x000000001b4b0000,0x000000001b5b0000)]
  0x0000000018fdf000 JavaThread "Service Thread" daemon [_thread_blocked, id=15964, stack(0x0000000019ae0000,0x0000000019be0000)]
  0x0000000018f83000 JavaThread "C1 CompilerThread3" daemon [_thread_blocked, id=16944, stack(0x00000000199e0000,0x0000000019ae0000)]
  0x0000000018f7d000 JavaThread "C2 CompilerThread2" daemon [_thread_blocked, id=16744, stack(0x00000000198e0000,0x00000000199e0000)]
=>0x0000000018f74000 JavaThread "C2 CompilerThread1" daemon [_thread_in_native, id=13052, stack(0x00000000197e0000,0x00000000198e0000)]
  0x0000000018f72000 JavaThread "C2 CompilerThread0" daemon [_thread_in_native, id=20236, stack(0x00000000196e0000,0x00000000197e0000)]
  0x0000000018f6d000 JavaThread "Attach Listener" daemon [_thread_blocked, id=10792, stack(0x00000000195e0000,0x00000000196e0000)]
  0x0000000018f19800 JavaThread "Signal Dispatcher" daemon [_thread_blocked, id=17792, stack(0x00000000194e0000,0x00000000195e0000)]
  0x0000000018f01000 JavaThread "Finalizer" daemon [_thread_blocked, id=18284, stack(0x00000000193e0000,0x00000000194e0000)]
  0x0000000018f00800 JavaThread "Reference Handler" daemon [_thread_blocked, id=3804, stack(0x00000000192e0000,0x00000000193e0000)]
  0x0000000003262800 JavaThread "main" [_thread_blocked, id=18436, stack(0x00000000030a0000,0x00000000031a0000)]

Other Threads:
  0x0000000017119800 VMThread [stack: 0x0000000018de0000,0x0000000018ee0000] [id=5368]
  0x0000000018fe3000 WatcherThread [stack: 0x0000000019be0000,0x0000000019ce0000] [id=14608]

VM state:not at safepoint (normal execution)

VM Mutex/Monitor currently owned by a thread: None

Heap:
 PSYoungGen      total 118272K, used 93713K [0x00000000e0000000, 0x00000000e8000000, 0x0000000100000000)
  eden space 106496K, 76% used [0x00000000e0000000,0x00000000e500af30,0x00000000e6800000)
  from space 11776K, 99% used [0x00000000e7480000,0x00000000e7ff96e8,0x00000000e8000000)
  to   space 12288K, 0% used [0x00000000e6800000,0x00000000e6800000,0x00000000e7400000)
 ParOldGen       total 94720K, used 19788K [0x00000000a0000000, 0x00000000a5c80000, 0x00000000e0000000)
  object space 94720K, 20% used [0x00000000a0000000,0x00000000a13531b0,0x00000000a5c80000)
 Metaspace       used 50442K, capacity 52022K, committed 52224K, reserved 1093632K
  class space    used 6949K, capacity 7339K, committed 7424K, reserved 1048576K

Card table byte_map: [0x0000000012720000,0x0000000012a30000] byte_map_base: 0x0000000012220000

Marking Bits: (ParMarkBitMap*) 0x000000006feb3e30
 Begin Bits: [0x0000000013430000, 0x0000000014c30000)
 End Bits:   [0x0000000014c30000, 0x0000000016430000)

Polling page: 0x00000000014b0000

CodeCache: size=245760Kb used=14684Kb max_used=14684Kb free=231075Kb
 bounds [0x0000000003360000, 0x00000000041d0000, 0x0000000012360000]
 total_blobs=4995 nmethods=4225 adapters=680
 compilation: enabled

Compilation events (10 events):
Event: 7.734 Thread 0x0000000018f83000 4648       3       org.gradle.api.internal.DefaultCollectionCallbackActionDecorator$Operation::description (20 bytes)
Event: 7.734 Thread 0x0000000018f83000 nmethod 4648 0x00000000041c1010 code [0x00000000041c11a0, 0x00000000041c1730]
Event: 7.734 Thread 0x0000000018f83000 4649   !   3       sun.reflect.GeneratedConstructorAccessor11::newInstance (61 bytes)
Event: 7.735 Thread 0x0000000018f83000 nmethod 4649 0x00000000041c2c50 code [0x00000000041c2ec0, 0x00000000041c3cd8]
Event: 7.736 Thread 0x0000000018f83000 4650       3       java.util.HashMap::putAll (7 bytes)
Event: 7.736 Thread 0x0000000018f83000 nmethod 4650 0x00000000041c0c10 code [0x00000000041c0d80, 0x00000000041c0f88]
Event: 7.736 Thread 0x0000000018f83000 4651       3       java.util.ArrayList::add (54 bytes)
Event: 7.737 Thread 0x0000000018f83000 nmethod 4651 0x00000000041bfe10 code [0x00000000041c0000, 0x00000000041c0838]
Event: 7.737 Thread 0x0000000018f83000 4652       3       java.util.ArrayList::rangeCheckForAdd (26 bytes)
Event: 7.737 Thread 0x0000000018f83000 nmethod 4652 0x00000000041c4710 code [0x00000000041c4920, 0x00000000041c5438]

GC Heap History (10 events):
Event: 4.139 GC heap before
{Heap before GC invocations=6 (full 1):
 PSYoungGen      total 75264K, used 64512K [0x00000000e0000000, 0x00000000e5400000, 0x0000000100000000)
  eden space 64512K, 100% used [0x00000000e0000000,0x00000000e3f00000,0x00000000e3f00000)
  from space 10752K, 0% used [0x00000000e4980000,0x00000000e4980000,0x00000000e5400000)
  to   space 10752K, 0% used [0x00000000e3f00000,0x00000000e3f00000,0x00000000e4980000)
 ParOldGen       total 94720K, used 8304K [0x00000000a0000000, 0x00000000a5c80000, 0x00000000e0000000)
  object space 94720K, 8% used [0x00000000a0000000,0x00000000a081c0a8,0x00000000a5c80000)
 Metaspace       used 28443K, capacity 29056K, committed 29312K, reserved 1075200K
  class space    used 3974K, capacity 4175K, committed 4224K, reserved 1048576K
Event: 4.144 GC heap after
Heap after GC invocations=6 (full 1):
 PSYoungGen      total 75264K, used 7919K [0x00000000e0000000, 0x00000000e8100000, 0x0000000100000000)
  eden space 64512K, 0% used [0x00000000e0000000,0x00000000e0000000,0x00000000e3f00000)
  from space 10752K, 73% used [0x00000000e3f00000,0x00000000e46bbfc8,0x00000000e4980000)
  to   space 12800K, 0% used [0x00000000e7480000,0x00000000e7480000,0x00000000e8100000)
 ParOldGen       total 94720K, used 8312K [0x00000000a0000000, 0x00000000a5c80000, 0x00000000e0000000)
  object space 94720K, 8% used [0x00000000a0000000,0x00000000a081e0a8,0x00000000a5c80000)
 Metaspace       used 28443K, capacity 29056K, committed 29312K, reserved 1075200K
  class space    used 3974K, capacity 4175K, committed 4224K, reserved 1048576K
}
Event: 4.801 GC heap before
{Heap before GC invocations=7 (full 1):
 PSYoungGen      total 75264K, used 72431K [0x00000000e0000000, 0x00000000e8100000, 0x0000000100000000)
  eden space 64512K, 100% used [0x00000000e0000000,0x00000000e3f00000,0x00000000e3f00000)
  from space 10752K, 73% used [0x00000000e3f00000,0x00000000e46bbfc8,0x00000000e4980000)
  to   space 12800K, 0% used [0x00000000e7480000,0x00000000e7480000,0x00000000e8100000)
 ParOldGen       total 94720K, used 8312K [0x00000000a0000000, 0x00000000a5c80000, 0x00000000e0000000)
  object space 94720K, 8% used [0x00000000a0000000,0x00000000a081e0a8,0x00000000a5c80000)
 Metaspace       used 32372K, capacity 33158K, committed 33408K, reserved 1077248K
  class space    used 4477K, capacity 4718K, committed 4736K, reserved 1048576K
Event: 4.811 GC heap after
Heap after GC invocations=7 (full 1):
 PSYoungGen      total 118272K, used 9115K [0x00000000e0000000, 0x00000000e8000000, 0x0000000100000000)
  eden space 106496K, 0% used [0x00000000e0000000,0x00000000e0000000,0x00000000e6800000)
  from space 11776K, 77% used [0x00000000e7480000,0x00000000e7d66d50,0x00000000e8000000)
  to   space 12288K, 0% used [0x00000000e6800000,0x00000000e6800000,0x00000000e7400000)
 ParOldGen       total 94720K, used 8320K [0x00000000a0000000, 0x00000000a5c80000, 0x00000000e0000000)
  object space 94720K, 8% used [0x00000000a0000000,0x00000000a08200a8,0x00000000a5c80000)
 Metaspace       used 32372K, capacity 33158K, committed 33408K, reserved 1077248K
  class space    used 4477K, capacity 4718K, committed 4736K, reserved 1048576K
}
Event: 5.287 GC heap before
{Heap before GC invocations=8 (full 1):
 PSYoungGen      total 118272K, used 62872K [0x00000000e0000000, 0x00000000e8000000, 0x0000000100000000)
  eden space 106496K, 50% used [0x00000000e0000000,0x00000000e347f388,0x00000000e6800000)
  from space 11776K, 77% used [0x00000000e7480000,0x00000000e7d66d50,0x00000000e8000000)
  to   space 12288K, 0% used [0x00000000e6800000,0x00000000e6800000,0x00000000e7400000)
 ParOldGen       total 94720K, used 8320K [0x00000000a0000000, 0x00000000a5c80000, 0x00000000e0000000)
  object space 94720K, 8% used [0x00000000a0000000,0x00000000a08200a8,0x00000000a5c80000)
 Metaspace       used 34579K, capacity 35388K, committed 35416K, reserved 1079296K
  class space    used 4878K, capacity 5094K, committed 5120K, reserved 1048576K
Event: 5.297 GC heap after
Heap after GC invocations=8 (full 1):
 PSYoungGen      total 118784K, used 10903K [0x00000000e0000000, 0x00000000e8000000, 0x0000000100000000)
  eden space 106496K, 0% used [0x00000000e0000000,0x00000000e0000000,0x00000000e6800000)
  from space 12288K, 88% used [0x00000000e6800000,0x00000000e72a5cf8,0x00000000e7400000)
  to   space 11776K, 0% used [0x00000000e7480000,0x00000000e7480000,0x00000000e8000000)
 ParOldGen       total 94720K, used 8328K [0x00000000a0000000, 0x00000000a5c80000, 0x00000000e0000000)
  object space 94720K, 8% used [0x00000000a0000000,0x00000000a08220a8,0x00000000a5c80000)
 Metaspace       used 34579K, capacity 35388K, committed 35416K, reserved 1079296K
  class space    used 4878K, capacity 5094K, committed 5120K, reserved 1048576K
}
Event: 5.297 GC heap before
{Heap before GC invocations=9 (full 2):
 PSYoungGen      total 118784K, used 10903K [0x00000000e0000000, 0x00000000e8000000, 0x0000000100000000)
  eden space 106496K, 0% used [0x00000000e0000000,0x00000000e0000000,0x00000000e6800000)
  from space 12288K, 88% used [0x00000000e6800000,0x00000000e72a5cf8,0x00000000e7400000)
  to   space 11776K, 0% used [0x00000000e7480000,0x00000000e7480000,0x00000000e8000000)
 ParOldGen       total 94720K, used 8328K [0x00000000a0000000, 0x00000000a5c80000, 0x00000000e0000000)
  object space 94720K, 8% used [0x00000000a0000000,0x00000000a08220a8,0x00000000a5c80000)
 Metaspace       used 34579K, capacity 35388K, committed 35416K, reserved 1079296K
  class space    used 4878K, capacity 5094K, committed 5120K, reserved 1048576K
Event: 5.356 GC heap after
Heap after GC invocations=9 (full 2):
 PSYoungGen      total 118784K, used 0K [0x00000000e0000000, 0x00000000e8000000, 0x0000000100000000)
  eden space 106496K, 0% used [0x00000000e0000000,0x00000000e0000000,0x00000000e6800000)
  from space 12288K, 0% used [0x00000000e6800000,0x00000000e6800000,0x00000000e7400000)
  to   space 11776K, 0% used [0x00000000e7480000,0x00000000e7480000,0x00000000e8000000)
 ParOldGen       total 94720K, used 18193K [0x00000000a0000000, 0x00000000a5c80000, 0x00000000e0000000)
  object space 94720K, 19% used [0x00000000a0000000,0x00000000a11c47d8,0x00000000a5c80000)
 Metaspace       used 34579K, capacity 35388K, committed 35416K, reserved 1079296K
  class space    used 4878K, capacity 5094K, committed 5120K, reserved 1048576K
}
Event: 6.721 GC heap before
{Heap before GC invocations=10 (full 2):
 PSYoungGen      total 118784K, used 106478K [0x00000000e0000000, 0x00000000e8000000, 0x0000000100000000)
  eden space 106496K, 99% used [0x00000000e0000000,0x00000000e67fba30,0x00000000e6800000)
  from space 12288K, 0% used [0x00000000e6800000,0x00000000e6800000,0x00000000e7400000)
  to   space 11776K, 0% used [0x00000000e7480000,0x00000000e7480000,0x00000000e8000000)
 ParOldGen       total 94720K, used 18193K [0x00000000a0000000, 0x00000000a5c80000, 0x00000000e0000000)
  object space 94720K, 19% used [0x00000000a0000000,0x00000000a11c47d8,0x00000000a5c80000)
 Metaspace       used 44146K, capacity 45480K, committed 45696K, reserved 1089536K
  class space    used 6121K, capacity 6413K, committed 6528K, reserved 1048576K
Event: 6.732 GC heap after
Heap after GC invocations=10 (full 2):
 PSYoungGen      total 118272K, used 11749K [0x00000000e0000000, 0x00000000e8000000, 0x0000000100000000)
  eden space 106496K, 0% used [0x00000000e0000000,0x00000000e0000000,0x00000000e6800000)
  from space 11776K, 99% used [0x00000000e7480000,0x00000000e7ff96e8,0x00000000e8000000)
  to   space 12288K, 0% used [0x00000000e6800000,0x00000000e6800000,0x00000000e7400000)
 ParOldGen       total 94720K, used 19788K [0x00000000a0000000, 0x00000000a5c80000, 0x00000000e0000000)
  object space 94720K, 20% used [0x00000000a0000000,0x00000000a13531b0,0x00000000a5c80000)
 Metaspace       used 44146K, capacity 45480K, committed 45696K, reserved 1089536K
  class space    used 6121K, capacity 6413K, committed 6528K, reserved 1048576K
}

Deoptimization events (10 events):
Event: 6.746 Thread 0x000000001bc34800 Uncommon trap: reason=unstable_if action=reinterpret pc=0x0000000003f163d4 method=java.util.LinkedHashMap.get(Ljava/lang/Object;)Ljava/lang/Object; @ 20
Event: 6.808 Thread 0x000000001bc34800 Uncommon trap: reason=unstable_if action=reinterpret pc=0x0000000003c4ff64 method=org.objectweb.asm.ByteVector.putUTF8(Ljava/lang/String;)Lorg/objectweb/asm/ByteVector; @ 93
Event: 6.906 Thread 0x000000001bc34800 Uncommon trap: reason=unstable_if action=reinterpret pc=0x0000000003bdde70 method=org.objectweb.asm.ByteVector.putUTF8(Ljava/lang/String;)Lorg/objectweb/asm/ByteVector; @ 93
Event: 7.167 Thread 0x000000001bc34800 Uncommon trap: reason=unstable_if action=reinterpret pc=0x0000000003f54f18 method=org.gradle.internal.reflect.PropertyAccessorType.of(Ljava/lang/reflect/Method;)Lorg/gradle/internal/reflect/PropertyAccessorType; @ 56
Event: 7.191 Thread 0x000000001bc34800 Uncommon trap: reason=unstable_if action=reinterpret pc=0x0000000003f8b808 method=groovy.lang.MetaClassImpl.filterPropertyMethod(Ljava/lang/Object;ZZ)Ljava/lang/Object; @ 72
Event: 7.336 Thread 0x000000001bc34800 Uncommon trap: reason=speculate_class_check action=maybe_recompile pc=0x0000000003f263e8 method=com.google.common.collect.AbstractIndexedListIterator.next()Ljava/lang/Object; @ 27
Event: 7.336 Thread 0x000000001bc34800 Uncommon trap: reason=speculate_class_check action=maybe_recompile pc=0x0000000003f263e8 method=com.google.common.collect.AbstractIndexedListIterator.next()Ljava/lang/Object; @ 27
Event: 7.336 Thread 0x000000001bc34800 Uncommon trap: reason=speculate_class_check action=maybe_recompile pc=0x0000000003f263e8 method=com.google.common.collect.AbstractIndexedListIterator.next()Ljava/lang/Object; @ 27
Event: 7.336 Thread 0x000000001bc34800 Uncommon trap: reason=speculate_class_check action=maybe_recompile pc=0x0000000003f263e8 method=com.google.common.collect.AbstractIndexedListIterator.next()Ljava/lang/Object; @ 27
Event: 7.353 Thread 0x000000001bc34800 Uncommon trap: reason=unstable_if action=reinterpret pc=0x0000000003f6dbb0 method=org.gradle.internal.instantiation.AbstractClassGenerator$InjectionAnnotationValidator.validateMethod(Ljava/lang/reflect/Method;Lorg/gradle/internal/reflect/PropertyAccessorT

Classes redefined (0 events):
No events

Internal exceptions (10 events):
Event: 7.471 Thread 0x000000001bc34800 Exception <a 'java/lang/ClassNotFoundException': org/gradle/api/internal/file/AbstractFileCollectionBeanInfo> (0x00000000e41b56c8) thrown at [C:\re\workspace\8-2-build-windows-amd64-cygwin\jdk8u191\11896\hotspot\src\share\vm\classfile\systemDictionary.cpp
Event: 7.472 Thread 0x000000001bc34800 Exception <a 'java/lang/ClassNotFoundException': org/gradle/api/internal/file/AbstractFileCollectionCustomizer> (0x00000000e41f2f58) thrown at [C:\re\workspace\8-2-build-windows-amd64-cygwin\jdk8u191\11896\hotspot\src\share\vm\classfile\systemDictionary.c
Event: 7.474 Thread 0x000000001bc34800 Exception <a 'java/lang/ClassNotFoundException': org/gradle/api/internal/file/CompositeFileCollectionCustomizer> (0x00000000e42408d8) thrown at [C:\re\workspace\8-2-build-windows-amd64-cygwin\jdk8u191\11896\hotspot\src\share\vm\classfile\systemDictionary.
Event: 7.475 Thread 0x000000001bc34800 Exception <a 'java/lang/ClassNotFoundException': org/gradle/api/internal/file/CompositeFileTreeCustomizer> (0x00000000e428a958) thrown at [C:\re\workspace\8-2-build-windows-amd64-cygwin\jdk8u191\11896\hotspot\src\share\vm\classfile\systemDictionary.cpp, l
Event: 7.475 Thread 0x000000001bc34800 Exception <a 'java/lang/ClassNotFoundException': org/gradle/api/internal/file/collections/DefaultConfigurableFileTreeCustomizer> (0x00000000e42df7d0) thrown at [C:\re\workspace\8-2-build-windows-amd64-cygwin\jdk8u191\11896\hotspot\src\share\vm\classfile\s
Event: 7.694 Thread 0x000000001bc34800 Exception <a 'java/lang/ClassNotFoundException': org/gradle/api/plugins/internal/DefaultBasePluginConventionBeanInfo> (0x00000000e4cf2170) thrown at [C:\re\workspace\8-2-build-windows-amd64-cygwin\jdk8u191\11896\hotspot\src\share\vm\classfile\systemDictio
Event: 7.694 Thread 0x000000001bc34800 Exception <a 'java/lang/ClassNotFoundException': org/gradle/api/plugins/BasePluginConventionBeanInfo> (0x00000000e4d1c830) thrown at [C:\re\workspace\8-2-build-windows-amd64-cygwin\jdk8u191\11896\hotspot\src\share\vm\classfile\systemDictionary.cpp, line 2
Event: 7.695 Thread 0x000000001bc34800 Exception <a 'java/lang/ClassNotFoundException': org/gradle/api/plugins/BasePluginConventionCustomizer> (0x00000000e4d475d0) thrown at [C:\re\workspace\8-2-build-windows-amd64-cygwin\jdk8u191\11896\hotspot\src\share\vm\classfile\systemDictionary.cpp, line
Event: 7.696 Thread 0x000000001bc34800 Exception <a 'java/lang/ClassNotFoundException': org/gradle/api/plugins/internal/DefaultBasePluginConventionCustomizer> (0x00000000e4d8c350) thrown at [C:\re\workspace\8-2-build-windows-amd64-cygwin\jdk8u191\11896\hotspot\src\share\vm\classfile\systemDict
Event: 7.712 Thread 0x000000001bc34800 Exception <a 'java/lang/NoSuchMethodError': java.lang.Object.lambda$comparingInt$7b0bb60$1(Ljava/util/function/ToIntFunction;Ljava/lang/Object;Ljava/lang/Object;)I> (0x00000000e4e12ee0) thrown at [C:\re\workspace\8-2-build-windows-amd64-cygwin\jdk8u191\11

Events (10 events):
Event: 7.757 loading class com/android/build/gradle/internal/scope/VariantScope$Java8LangSupport
Event: 7.757 loading class com/android/build/gradle/internal/scope/VariantScope$Java8LangSupport done
Event: 7.757 loading class com/google/wireless/android/sdk/stats/GradleBuildVariant$DexBuilderTool
Event: 7.757 loading class com/google/wireless/android/sdk/stats/GradleBuildVariant$DexBuilderTool done
Event: 7.757 loading class com/google/wireless/android/sdk/stats/GradleBuildVariant$DexBuilderTool$1
Event: 7.757 loading class com/google/wireless/android/sdk/stats/GradleBuildVariant$DexBuilderTool$1 done
Event: 7.758 loading class com/google/wireless/android/sdk/stats/GradleBuildVariant$DexMergerTool
Event: 7.758 loading class com/google/wireless/android/sdk/stats/GradleBuildVariant$DexMergerTool done
Event: 7.758 loading class com/google/wireless/android/sdk/stats/GradleBuildVariant$DexMergerTool$1
Event: 7.758 loading class com/google/wireless/android/sdk/stats/GradleBuildVariant$DexMergerTool$1 done


Dynamic libraries:
0x00007ff666c60000 - 0x00007ff666c97000 	C:\Program Files\Java\jdk1.8.0_191\bin\java.exe
0x00007ffcdc2e0000 - 0x00007ffcdc4d0000 	C:\WINDOWS\SYSTEM32\ntdll.dll
0x00007ffcda790000 - 0x00007ffcda842000 	C:\WINDOWS\System32\KERNEL32.DLL
0x00007ffcd95c0000 - 0x00007ffcd9864000 	C:\WINDOWS\System32\KERNELBASE.dll
0x00007ffcda6e0000 - 0x00007ffcda783000 	C:\WINDOWS\System32\ADVAPI32.dll
0x00007ffcdbe70000 - 0x00007ffcdbf0e000 	C:\WINDOWS\System32\msvcrt.dll
0x00007ffcdad20000 - 0x00007ffcdadb7000 	C:\WINDOWS\System32\sechost.dll
0x00007ffcdbf10000 - 0x00007ffcdc030000 	C:\WINDOWS\System32\RPCRT4.dll
0x00007ffcdbc20000 - 0x00007ffcdbdb4000 	C:\WINDOWS\System32\USER32.dll
0x00007ffcd9870000 - 0x00007ffcd9891000 	C:\WINDOWS\System32\win32u.dll
0x00007ffcdaba0000 - 0x00007ffcdabc6000 	C:\WINDOWS\System32\GDI32.dll
0x00007ffcd98a0000 - 0x00007ffcd9a35000 	C:\WINDOWS\System32\gdi32full.dll
0x00007ffcd9a40000 - 0x00007ffcd9ade000 	C:\WINDOWS\System32\msvcp_win.dll
0x00007ffcd94c0000 - 0x00007ffcd95ba000 	C:\WINDOWS\System32\ucrtbase.dll
0x00007ffcc4c70000 - 0x00007ffcc4ef4000 	C:\WINDOWS\WinSxS\amd64_microsoft.windows.common-controls_6595b64144ccf1df_6.0.18362.900_none_e6beb9d913147d17\COMCTL32.dll
0x00007ffcda860000 - 0x00007ffcdab95000 	C:\WINDOWS\System32\combase.dll
0x00007ffcd9ae0000 - 0x00007ffcd9b60000 	C:\WINDOWS\System32\bcryptPrimitives.dll
0x00007ffcdc120000 - 0x00007ffcdc14e000 	C:\WINDOWS\System32\IMM32.DLL
0x000000006ff40000 - 0x0000000070012000 	C:\Program Files\Java\jdk1.8.0_191\jre\bin\msvcr100.dll
0x000000006f690000 - 0x000000006ff34000 	C:\Program Files\Java\jdk1.8.0_191\jre\bin\server\jvm.dll
0x00007ffcda850000 - 0x00007ffcda858000 	C:\WINDOWS\System32\PSAPI.DLL
0x00007ffcd1af0000 - 0x00007ffcd1afa000 	C:\WINDOWS\SYSTEM32\VERSION.dll
0x00007ffcd5af0000 - 0x00007ffcd5af9000 	C:\WINDOWS\SYSTEM32\WSOCK32.dll
0x00007ffcd5e40000 - 0x00007ffcd5e64000 	C:\WINDOWS\SYSTEM32\WINMM.dll
0x00007ffcdadc0000 - 0x00007ffcdae2f000 	C:\WINDOWS\System32\WS2_32.dll
0x00007ffcd5e10000 - 0x00007ffcd5e3d000 	C:\WINDOWS\SYSTEM32\winmmbase.dll
0x00007ffcd9450000 - 0x00007ffcd949a000 	C:\WINDOWS\System32\cfgmgr32.dll
0x000000006f680000 - 0x000000006f68f000 	C:\Program Files\Java\jdk1.8.0_191\jre\bin\verify.dll
0x000000006f650000 - 0x000000006f679000 	C:\Program Files\Java\jdk1.8.0_191\jre\bin\java.dll
0x000000006f630000 - 0x000000006f646000 	C:\Program Files\Java\jdk1.8.0_191\jre\bin\zip.dll
0x00007ffcdae30000 - 0x00007ffcdb516000 	C:\WINDOWS\System32\SHELL32.dll
0x00007ffcda4f0000 - 0x00007ffcda599000 	C:\WINDOWS\System32\shcore.dll
0x00007ffcd9c10000 - 0x00007ffcda390000 	C:\WINDOWS\System32\windows.storage.dll
0x00007ffcd9240000 - 0x00007ffcd9263000 	C:\WINDOWS\System32\profapi.dll
0x00007ffcd91f0000 - 0x00007ffcd923a000 	C:\WINDOWS\System32\powrprof.dll
0x00007ffcd91a0000 - 0x00007ffcd91b0000 	C:\WINDOWS\System32\UMPDC.dll
0x00007ffcdac40000 - 0x00007ffcdac92000 	C:\WINDOWS\System32\shlwapi.dll
0x00007ffcd91d0000 - 0x00007ffcd91e1000 	C:\WINDOWS\System32\kernel.appcore.dll
0x00007ffcd94a0000 - 0x00007ffcd94b7000 	C:\WINDOWS\System32\cryptsp.dll
0x000000006f610000 - 0x000000006f62a000 	C:\Program Files\Java\jdk1.8.0_191\jre\bin\net.dll
0x00007ffcb9b50000 - 0x00007ffcb9b70000 	C:\WINDOWS\system32\PrxerDrv.dll
0x00007ffcd89b0000 - 0x00007ffcd8a17000 	C:\WINDOWS\system32\mswsock.dll
0x000000006f5f0000 - 0x000000006f601000 	C:\Program Files\Java\jdk1.8.0_191\jre\bin\nio.dll
0x00007ffcaf300000 - 0x00007ffcaf326000 	C:\Users\11399\.gradle\native\30\windows-amd64\native-platform.dll
0x000000006f5e0000 - 0x000000006f5ed000 	C:\Program Files\Java\jdk1.8.0_191\jre\bin\management.dll
0x00007ffcd8520000 - 0x00007ffcd8553000 	C:\WINDOWS\system32\rsaenh.dll
0x00007ffcd9270000 - 0x00007ffcd9296000 	C:\WINDOWS\System32\bcrypt.dll
0x00007ffcd90c0000 - 0x00007ffcd90e5000 	C:\WINDOWS\SYSTEM32\USERENV.dll
0x00007ffcd8b80000 - 0x00007ffcd8b8c000 	C:\WINDOWS\SYSTEM32\CRYPTBASE.dll
0x00007ffcd86c0000 - 0x00007ffcd86fa000 	C:\WINDOWS\SYSTEM32\IPHLPAPI.DLL
0x00007ffcdac30000 - 0x00007ffcdac38000 	C:\WINDOWS\System32\NSI.dll
0x00007ffcd02e0000 - 0x00007ffcd02f6000 	C:\WINDOWS\SYSTEM32\dhcpcsvc6.DLL
0x00007ffcd01b0000 - 0x00007ffcd01cc000 	C:\WINDOWS\SYSTEM32\dhcpcsvc.DLL
0x00007ffcd8700000 - 0x00007ffcd87cb000 	C:\WINDOWS\SYSTEM32\DNSAPI.dll

VM Arguments:
jvm_args: -Xmx1536m -Dfile.encoding=GBK -Duser.country=CN -Duser.language=zh -Duser.variant 
java_command: org.gradle.launcher.daemon.bootstrap.GradleDaemon 5.6.4
java_class_path (initial): C:\Users\11399\.gradle\wrapper\dists\gradle-5.6.4-all\ankdp27end7byghfw1q2sw75f\gradle-5.6.4\lib\gradle-launcher-5.6.4.jar
Launcher Type: SUN_STANDARD

Environment Variables:
PATH=D:\Program Files (x86)\NetSarang\Xftp 6\;D:\Program Files (x86)\NetSarang\Xshell 6\;D:\ProgramData\Anaconda3;D:\ProgramData\Anaconda3\Library\mingw-w64\bin;D:\ProgramData\Anaconda3\Library\usr\bin;D:\ProgramData\Anaconda3\Library\bin;D:\ProgramData\Anaconda3\Scripts;C:\Program Files (x86)\Common Files\Oracle\Java\javapath;C:\WINDOWS\system32;C:\WINDOWS;C:\WINDOWS\System32\Wbem;C:\WINDOWS\System32\WindowsPowerShell\v1.0\;C:\WINDOWS\System32\OpenSSH\;D:\Program Files\Git\cmd;C:\Program Files (x86)\Common Files\Thunder Network\KanKan\Codecs;C:\Android;C:\Windows\System32;D:\Program Files\nodejs\;C:\ProgramData\chocolatey\bin;C:\Program Files (x86)\NVIDIA Corporation\PhysX\Common;C:\Program Files\NVIDIA Corporation\NVIDIA NvDLISR;D:\Program Files\IDM Computer Solutions\UltraEdit;D:\Program Files\MongoDB\Server\4.2\bin;D:\Program Files\Redis;C:\Users\11399\AppData\Local\Microsoft\WindowsApps;D:\Program Files\JetBrains\IntelliJ IDEA Community Edition 2018.3.3\bin;;D:\Program Files\JetBrains\WebStorm 2020.1\bin;;D:\Program Files\JetBrains\IntelliJ IDEA 2020.1\bin;;;D:\Program Files\JetBrains\PyCharm 2020.1\bin;;C:\Users\11399\AppData\Roaming\npm;D:\Program Files\JetBrains\PyCharm Community Edition 2019.3.3\bin;;D:\Program Files\JetBrains\DataGrip 2020.1.4\bin;
USERNAME=Rakers
OS=Windows_NT
PROCESSOR_IDENTIFIER=Intel64 Family 6 Model 142 Stepping 10, GenuineIntel



---------------  S Y S T E M  ---------------

OS: Windows 10.0 , 64 bit Build 18362 (10.0.18362.900)

CPU:total 8 (initial active 8) (4 cores per cpu, 2 threads per core) family 6 model 142 stepping 10, cmov, cx8, fxsr, mmx, sse, sse2, sse3, ssse3, sse4.1, sse4.2, popcnt, avx, avx2, aes, clmul, erms, 3dnowpref, lzcnt, ht, tsc, tscinvbit, bmi1, bmi2, adx

Memory: 4k page, physical 16410392k(3328564k free), swap 23920408k(5200k free)

vm_info: Java HotSpot(TM) 64-Bit Server VM (25.191-b12) for windows-amd64 JRE (1.8.0_191-b12), built on Oct  6 2018 09:29:03 by "java_re" with MS VC++ 10.0 (VS2010)

time: Fri Jun 26 18:56:41 2020
elapsed time: 7 seconds (0d 0h 0m 7s)

