#
# There is insufficient memory for the Java Runtime Environment to continue.
# Native memory allocation (malloc) failed to allocate 254096 bytes for Chunk::new
# Possible reasons:
#   The system is out of physical RAM or swap space
#   In 32 bit mode, the process size limit was hit
# Possible solutions:
#   Reduce memory load on the system
#   Increase physical memory or swap space
#   Check if swap backing store is full
#   Use 64 bit Java on a 64 bit OS
#   Decrease Java heap size (-Xmx/-Xms)
#   Decrease number of Java threads
#   Decrease Java thread stack sizes (-Xss)
#   Set larger code cache with -XX:ReservedCodeCacheSize=
# This output file may be truncated or incomplete.
#
#  Out of Memory Error (allocation.cpp:390), pid=17920, tid=0x00000000000052a0
#
# JRE version: Java(TM) SE Runtime Environment (8.0_191-b12) (build 1.8.0_191-b12)
# Java VM: Java HotSpot(TM) 64-Bit Server VM (25.191-b12 mixed mode windows-amd64 compressed oops)
# Failed to write core dump. Minidumps are not enabled by default on client versions of Windows
#

---------------  T H R E A D  ---------------

Current thread (0x0000000018641800):  JavaThread "C2 CompilerThread0" daemon [_thread_in_native, id=21152, stack(0x0000000018e10000,0x0000000018f10000)]

Stack: [0x0000000018e10000,0x0000000018f10000]
[error occurred during error reporting (printing stack bounds), id 0xc0000005]

Native frames: (J=compiled Java code, j=interpreted, Vv=VM code, C=native code)


Current CompileTask:
C2:  10879 6345       4       com.esotericsoftware.kryo.io.Input::readString (127 bytes)


---------------  P R O C E S S  ---------------

Java Threads: ( => current thread )
  0x000000001d31a000 JavaThread "Execution worker for ':' Thread 7" [_thread_blocked, id=19520, stack(0x0000000025cf0000,0x0000000025df0000)]
  0x000000001d319800 JavaThread "Execution worker for ':' Thread 6" [_thread_in_native, id=16516, stack(0x0000000025bf0000,0x0000000025cf0000)]
  0x000000001d315000 JavaThread "Execution worker for ':' Thread 5" [_thread_in_native, id=18128, stack(0x0000000025af0000,0x0000000025bf0000)]
  0x000000001d318800 JavaThread "Execution worker for ':' Thread 4" [_thread_in_native, id=19248, stack(0x00000000259f0000,0x0000000025af0000)]
  0x000000001d317000 JavaThread "Execution worker for ':' Thread 3" [_thread_in_native, id=18080, stack(0x00000000258f0000,0x00000000259f0000)]
  0x000000001d318000 JavaThread "Execution worker for ':' Thread 2" [_thread_blocked, id=16940, stack(0x0000000025560000,0x0000000025660000)]
  0x000000001d30d800 JavaThread "Execution worker for ':'" [_thread_blocked, id=11544, stack(0x0000000025460000,0x0000000025560000)]
  0x000000001d314000 JavaThread "Cache worker for file content cache (E:\Android\Android Stiudio\taotaoshopapp\.gradle\5.6.4\fileContent)" [_thread_blocked, id=5804, stack(0x0000000024f60000,0x0000000025060000)]
  0x000000001d30c800 JavaThread "Cache worker for file content cache (C:\Users\11399\.gradle\caches\5.6.4\fileContent)" [_thread_blocked, id=21008, stack(0x0000000024e60000,0x0000000024f60000)]
  0x000000001d313800 JavaThread "Memory manager" [_thread_blocked, id=17116, stack(0x0000000023780000,0x0000000023880000)]
  0x000000001d312800 JavaThread "Cache worker for Build Output Cleanup Cache (E:\Android\Android Stiudio\taotaoshopapp\.gradle\buildOutputCleanup)" [_thread_blocked, id=20660, stack(0x0000000023680000,0x0000000023780000)]
  0x000000001d30f000 JavaThread "Build operations Thread 8" [_thread_blocked, id=19444, stack(0x0000000022ca0000,0x0000000022da0000)]
  0x000000001d30f800 JavaThread "Build operations Thread 7" [_thread_blocked, id=18232, stack(0x0000000022ba0000,0x0000000022ca0000)]
  0x000000001d312000 JavaThread "Build operations Thread 6" [_thread_blocked, id=12308, stack(0x0000000022aa0000,0x0000000022ba0000)]
  0x000000001d30b000 JavaThread "Build operations Thread 5" [_thread_blocked, id=18648, stack(0x00000000229a0000,0x0000000022aa0000)]
  0x000000001d311000 JavaThread "Build operations Thread 4" [_thread_blocked, id=17440, stack(0x00000000228a0000,0x00000000229a0000)]
  0x000000001d30e000 JavaThread "Build operations Thread 3" [_thread_blocked, id=9880, stack(0x00000000227a0000,0x00000000228a0000)]
  0x000000001d30c000 JavaThread "Build operations Thread 2" [_thread_blocked, id=10332, stack(0x00000000226a0000,0x00000000227a0000)]
  0x000000001d310800 JavaThread "Build operations" [_thread_blocked, id=16424, stack(0x00000000225a0000,0x00000000226a0000)]
  0x000000001b4fb000 JavaThread "Cache worker for execution history cache (C:\Users\11399\.gradle\caches\5.6.4\executionHistory)" [_thread_blocked, id=1012, stack(0x00000000222a0000,0x00000000223a0000)]
  0x000000001b4fa000 JavaThread "Cache worker for cache directory md-rule (C:\Users\11399\.gradle\caches\5.6.4\md-rule)" [_thread_blocked, id=18436, stack(0x0000000020d00000,0x0000000020e00000)]
  0x000000001b4f9800 JavaThread "Cache worker for cache directory md-supplier (C:\Users\11399\.gradle\caches\5.6.4\md-supplier)" [_thread_blocked, id=15964, stack(0x000000001f480000,0x000000001f580000)]
  0x000000001b4f7000 JavaThread "Cache worker for file hash cache (E:\Android\Android Stiudio\taotaoshopapp\.gradle\5.6.4\fileHashes)" [_thread_blocked, id=17960, stack(0x000000001f610000,0x000000001f710000)]
  0x000000001b4f6800 JavaThread "Cache worker for journal cache (C:\Users\11399\.gradle\caches\journal-1)" [_thread_blocked, id=11560, stack(0x000000001cfe0000,0x000000001d0e0000)]
  0x000000001b4f4000 JavaThread "File lock request listener" [_thread_in_native, id=5368, stack(0x000000001cee0000,0x000000001cfe0000)]
  0x000000001b4f8000 JavaThread "Cache worker for file hash cache (C:\Users\11399\.gradle\caches\5.6.4\fileHashes)" [_thread_blocked, id=16744, stack(0x000000001cde0000,0x000000001cee0000)]
  0x000000001b4c3000 JavaThread "Thread-9" [_thread_blocked, id=17792, stack(0x000000001cae0000,0x000000001cbe0000)]
  0x000000001b4c8000 JavaThread "Stdin handler" [_thread_blocked, id=3804, stack(0x000000001c9e0000,0x000000001cae0000)]
  0x000000001b4c7000 JavaThread "Asynchronous log dispatcher for DefaultDaemonConnection: socket connection from /127.0.0.1:10412 to /127.0.0.1:10413" [_thread_blocked, id=18284, stack(0x000000001c7e0000,0x000000001c8e0000)]
  0x000000001b4c4000 JavaThread "Daemon worker" [_thread_in_native, id=18240, stack(0x000000001c6e0000,0x000000001c7e0000)]
  0x000000001b517000 JavaThread "Cancel handler" [_thread_blocked, id=19824, stack(0x000000001c5e0000,0x000000001c6e0000)]
  0x000000001b44f000 JavaThread "Handler for socket connection from /127.0.0.1:10412 to /127.0.0.1:10413" [_thread_in_native, id=10792, stack(0x000000001c2e0000,0x000000001c3e0000)]
  0x000000001b44d800 JavaThread "Daemon" [_thread_blocked, id=20236, stack(0x000000001c1e0000,0x000000001c2e0000)]
  0x000000001b3d1000 JavaThread "Daemon periodic checks" [_thread_blocked, id=19200, stack(0x000000001c0e0000,0x000000001c1e0000)]
  0x000000001b39d800 JavaThread "Incoming local TCP Connector on port 10412" [_thread_in_native, id=980, stack(0x000000001bfe0000,0x000000001c0e0000)]
  0x000000001b324000 JavaThread "Daemon health stats" [_thread_blocked, id=11568, stack(0x000000001ace0000,0x000000001ade0000)]
  0x00000000186d2800 JavaThread "Service Thread" daemon [_thread_blocked, id=7140, stack(0x0000000019210000,0x0000000019310000)]
  0x0000000018656000 JavaThread "C1 CompilerThread3" daemon [_thread_in_native, id=208, stack(0x0000000019110000,0x0000000019210000)]
  0x0000000018646800 JavaThread "C2 CompilerThread2" daemon [_thread_in_native, id=21496, stack(0x0000000019010000,0x0000000019110000)]
  0x0000000018643800 JavaThread "C2 CompilerThread1" daemon [_thread_in_native, id=18200, stack(0x0000000018f10000,0x0000000019010000)]
=>0x0000000018641800 JavaThread "C2 CompilerThread0" daemon [_thread_in_native, id=21152, stack(0x0000000018e10000,0x0000000018f10000)]
  0x000000001863c000 JavaThread "Attach Listener" daemon [_thread_blocked, id=18856, stack(0x0000000018d10000,0x0000000018e10000)]
  0x00000000185e8800 JavaThread "Signal Dispatcher" daemon [_thread_blocked, id=13784, stack(0x0000000018c10000,0x0000000018d10000)]
  0x0000000002a19000 JavaThread "Finalizer" daemon [_thread_blocked, id=3832, stack(0x0000000018ab0000,0x0000000018bb0000)]
  0x00000000167dd800 JavaThread "Reference Handler" daemon [_thread_blocked, id=15156, stack(0x00000000189b0000,0x0000000018ab0000)]
  0x0000000002922800 JavaThread "main" [_thread_blocked, id=6168, stack(0x00000000027a0000,0x00000000028a0000)]

Other Threads:
  0x00000000167d9000 VMThread [stack: 0x00000000184b0000,0x00000000185b0000] [id=14388]
  0x000000001870f000 WatcherThread [stack: 0x0000000019310000,0x0000000019410000] [id=11248]

VM state:not at safepoint (normal execution)

VM Mutex/Monitor currently owned by a thread: None

Heap:
 PSYoungGen      total 172032K, used 29845K [0x00000000e0000000, 0x00000000ec480000, 0x0000000100000000)
  eden space 160256K, 18% used [0x00000000e0000000,0x00000000e1d25578,0x00000000e9c80000)
  from space 11776K, 0% used [0x00000000eb900000,0x00000000eb900000,0x00000000ec480000)
  to   space 13824K, 0% used [0x00000000ea980000,0x00000000ea980000,0x00000000eb700000)
 ParOldGen       total 199168K, used 31436K [0x00000000a0000000, 0x00000000ac280000, 0x00000000e0000000)
  object space 199168K, 15% used [0x00000000a0000000,0x00000000a1eb3168,0x00000000ac280000)
 Metaspace       used 58045K, capacity 60496K, committed 60800K, reserved 1101824K
  class space    used 8246K, capacity 8765K, committed 8832K, reserved 1048576K

Card table byte_map: [0x0000000011de0000,0x00000000120f0000] byte_map_base: 0x00000000118e0000

Marking Bits: (ParMarkBitMap*) 0x000000006feb3e30
 Begin Bits: [0x0000000012af0000, 0x00000000142f0000)
 End Bits:   [0x00000000142f0000, 0x0000000015af0000)

Polling page: 0x0000000000c20000

CodeCache: size=245760Kb used=18358Kb max_used=18481Kb free=227401Kb
 bounds [0x0000000002a20000, 0x0000000003c40000, 0x0000000011a20000]
 total_blobs=6553 nmethods=5770 adapters=693
 compilation: enabled

Compilation events (10 events):
Event: 10.872 Thread 0x0000000018656000 nmethod 6368 0x0000000003480590 code [0x00000000034806e0, 0x0000000003480830]
Event: 10.872 Thread 0x0000000018656000 6369   !   3       org.gradle.internal.resources.DefaultResourceLockCoordinationService::withStateLock (264 bytes)
Event: 10.875 Thread 0x0000000018656000 nmethod 6369 0x00000000034cd3d0 code [0x00000000034cd7e0, 0x00000000034cfce8]
Event: 10.875 Thread 0x0000000018656000 6370       3       java.security.MessageDigest$Delegate::clone (62 bytes)
Event: 10.876 Thread 0x0000000018656000 nmethod 6370 0x000000000347f890 code [0x000000000347fa60, 0x0000000003480278]
Event: 10.876 Thread 0x0000000018656000 6371       3       java.security.MessageDigest::access$202 (7 bytes)
Event: 10.876 Thread 0x0000000018656000 nmethod 6371 0x000000000347f550 code [0x000000000347f6a0, 0x000000000347f7d0]
Event: 10.876 Thread 0x0000000018656000 6372       3       org.gradle.internal.hash.Hashing::newHasher (9 bytes)
Event: 10.877 Thread 0x0000000018656000 nmethod 6372 0x000000000347db90 code [0x000000000347dda0, 0x000000000347e8d8]
Event: 10.877 Thread 0x0000000018656000 6374       3       org.gradle.internal.snapshot.DirectorySnapshot::accept (58 bytes)

GC Heap History (10 events):
Event: 5.642 GC heap before
{Heap before GC invocations=9 (full 2):
 PSYoungGen      total 120320K, used 9178K [0x00000000e0000000, 0x00000000ec480000, 0x0000000100000000)
  eden space 108032K, 0% used [0x00000000e0000000,0x00000000e0000000,0x00000000e6980000)
  from space 12288K, 74% used [0x00000000e6980000,0x00000000e7276860,0x00000000e7580000)
  to   space 11776K, 0% used [0x00000000eb900000,0x00000000eb900000,0x00000000ec480000)
 ParOldGen       total 92672K, used 7711K [0x00000000a0000000, 0x00000000a5a80000, 0x00000000e0000000)
  object space 92672K, 8% used [0x00000000a0000000,0x00000000a0787dc8,0x00000000a5a80000)
 Metaspace       used 34537K, capacity 35342K, committed 35416K, reserved 1079296K
  class space    used 4866K, capacity 5094K, committed 5120K, reserved 1048576K
Event: 5.695 GC heap after
Heap after GC invocations=9 (full 2):
 PSYoungGen      total 120320K, used 0K [0x00000000e0000000, 0x00000000ec480000, 0x0000000100000000)
  eden space 108032K, 0% used [0x00000000e0000000,0x00000000e0000000,0x00000000e6980000)
  from space 12288K, 0% used [0x00000000e6980000,0x00000000e6980000,0x00000000e7580000)
  to   space 11776K, 0% used [0x00000000eb900000,0x00000000eb900000,0x00000000ec480000)
 ParOldGen       total 141312K, used 16006K [0x00000000a0000000, 0x00000000a8a00000, 0x00000000e0000000)
  object space 141312K, 11% used [0x00000000a0000000,0x00000000a0fa1b30,0x00000000a8a00000)
 Metaspace       used 34514K, capacity 35264K, committed 35416K, reserved 1079296K
  class space    used 4859K, capacity 5081K, committed 5120K, reserved 1048576K
}
Event: 7.419 GC heap before
{Heap before GC invocations=10 (full 2):
 PSYoungGen      total 120320K, used 108032K [0x00000000e0000000, 0x00000000ec480000, 0x0000000100000000)
  eden space 108032K, 100% used [0x00000000e0000000,0x00000000e6980000,0x00000000e6980000)
  from space 12288K, 0% used [0x00000000e6980000,0x00000000e6980000,0x00000000e7580000)
  to   space 11776K, 0% used [0x00000000eb900000,0x00000000eb900000,0x00000000ec480000)
 ParOldGen       total 141312K, used 16006K [0x00000000a0000000, 0x00000000a8a00000, 0x00000000e0000000)
  object space 141312K, 11% used [0x00000000a0000000,0x00000000a0fa1b30,0x00000000a8a00000)
 Metaspace       used 44638K, capacity 45830K, committed 45952K, reserved 1089536K
  class space    used 6175K, capacity 6481K, committed 6528K, reserved 1048576K
Event: 7.433 GC heap after
Heap after GC invocations=10 (full 2):
 PSYoungGen      total 172032K, used 11771K [0x00000000e0000000, 0x00000000ec480000, 0x0000000100000000)
  eden space 160256K, 0% used [0x00000000e0000000,0x00000000e0000000,0x00000000e9c80000)
  from space 11776K, 99% used [0x00000000eb900000,0x00000000ec47ee50,0x00000000ec480000)
  to   space 13824K, 0% used [0x00000000ea980000,0x00000000ea980000,0x00000000eb700000)
 ParOldGen       total 141312K, used 18761K [0x00000000a0000000, 0x00000000a8a00000, 0x00000000e0000000)
  object space 141312K, 13% used [0x00000000a0000000,0x00000000a1252678,0x00000000a8a00000)
 Metaspace       used 44638K, capacity 45830K, committed 45952K, reserved 1089536K
  class space    used 6175K, capacity 6481K, committed 6528K, reserved 1048576K
}
Event: 10.012 GC heap before
{Heap before GC invocations=11 (full 2):
 PSYoungGen      total 172032K, used 172027K [0x00000000e0000000, 0x00000000ec480000, 0x0000000100000000)
  eden space 160256K, 100% used [0x00000000e0000000,0x00000000e9c80000,0x00000000e9c80000)
  from space 11776K, 99% used [0x00000000eb900000,0x00000000ec47ee50,0x00000000ec480000)
  to   space 13824K, 0% used [0x00000000ea980000,0x00000000ea980000,0x00000000eb700000)
 ParOldGen       total 141312K, used 18761K [0x00000000a0000000, 0x00000000a8a00000, 0x00000000e0000000)
  object space 141312K, 13% used [0x00000000a0000000,0x00000000a1252678,0x00000000a8a00000)
 Metaspace       used 56575K, capacity 58368K, committed 58624K, reserved 1099776K
  class space    used 7968K, capacity 8353K, committed 8448K, reserved 1048576K
Event: 10.047 GC heap after
Heap after GC invocations=11 (full 2):
 PSYoungGen      total 174080K, used 13813K [0x00000000e0000000, 0x00000000ec480000, 0x0000000100000000)
  eden space 160256K, 0% used [0x00000000e0000000,0x00000000e0000000,0x00000000e9c80000)
  from space 13824K, 99% used [0x00000000ea980000,0x00000000eb6fd790,0x00000000eb700000)
  to   space 11776K, 0% used [0x00000000eb900000,0x00000000eb900000,0x00000000ec480000)
 ParOldGen       total 141312K, used 29666K [0x00000000a0000000, 0x00000000a8a00000, 0x00000000e0000000)
  object space 141312K, 20% used [0x00000000a0000000,0x00000000a1cf88f0,0x00000000a8a00000)
 Metaspace       used 56575K, capacity 58368K, committed 58624K, reserved 1099776K
  class space    used 7968K, capacity 8353K, committed 8448K, reserved 1048576K
}
Event: 10.193 GC heap before
{Heap before GC invocations=12 (full 2):
 PSYoungGen      total 174080K, used 27154K [0x00000000e0000000, 0x00000000ec480000, 0x0000000100000000)
  eden space 160256K, 8% used [0x00000000e0000000,0x00000000e0d07228,0x00000000e9c80000)
  from space 13824K, 99% used [0x00000000ea980000,0x00000000eb6fd790,0x00000000eb700000)
  to   space 11776K, 0% used [0x00000000eb900000,0x00000000eb900000,0x00000000ec480000)
 ParOldGen       total 141312K, used 29666K [0x00000000a0000000, 0x00000000a8a00000, 0x00000000e0000000)
  object space 141312K, 20% used [0x00000000a0000000,0x00000000a1cf88f0,0x00000000a8a00000)
 Metaspace       used 57065K, capacity 58894K, committed 59008K, reserved 1099776K
  class space    used 8054K, capacity 8494K, committed 8576K, reserved 1048576K
Event: 10.208 GC heap after
Heap after GC invocations=12 (full 2):
 PSYoungGen      total 172032K, used 10363K [0x00000000e0000000, 0x00000000ec480000, 0x0000000100000000)
  eden space 160256K, 0% used [0x00000000e0000000,0x00000000e0000000,0x00000000e9c80000)
  from space 11776K, 88% used [0x00000000eb900000,0x00000000ec31ee58,0x00000000ec480000)
  to   space 13824K, 0% used [0x00000000ea980000,0x00000000ea980000,0x00000000eb700000)
 ParOldGen       total 141312K, used 34629K [0x00000000a0000000, 0x00000000a8a00000, 0x00000000e0000000)
  object space 141312K, 24% used [0x00000000a0000000,0x00000000a21d16e8,0x00000000a8a00000)
 Metaspace       used 57065K, capacity 58894K, committed 59008K, reserved 1099776K
  class space    used 8054K, capacity 8494K, committed 8576K, reserved 1048576K
}
Event: 10.208 GC heap before
{Heap before GC invocations=13 (full 3):
 PSYoungGen      total 172032K, used 10363K [0x00000000e0000000, 0x00000000ec480000, 0x0000000100000000)
  eden space 160256K, 0% used [0x00000000e0000000,0x00000000e0000000,0x00000000e9c80000)
  from space 11776K, 88% used [0x00000000eb900000,0x00000000ec31ee58,0x00000000ec480000)
  to   space 13824K, 0% used [0x00000000ea980000,0x00000000ea980000,0x00000000eb700000)
 ParOldGen       total 141312K, used 34629K [0x00000000a0000000, 0x00000000a8a00000, 0x00000000e0000000)
  object space 141312K, 24% used [0x00000000a0000000,0x00000000a21d16e8,0x00000000a8a00000)
 Metaspace       used 57065K, capacity 58894K, committed 59008K, reserved 1099776K
  class space    used 8054K, capacity 8494K, committed 8576K, reserved 1048576K
Event: 10.513 GC heap after
Heap after GC invocations=13 (full 3):
 PSYoungGen      total 172032K, used 0K [0x00000000e0000000, 0x00000000ec480000, 0x0000000100000000)
  eden space 160256K, 0% used [0x00000000e0000000,0x00000000e0000000,0x00000000e9c80000)
  from space 11776K, 0% used [0x00000000eb900000,0x00000000eb900000,0x00000000ec480000)
  to   space 13824K, 0% used [0x00000000ea980000,0x00000000ea980000,0x00000000eb700000)
 ParOldGen       total 199168K, used 31436K [0x00000000a0000000, 0x00000000ac280000, 0x00000000e0000000)
  object space 199168K, 15% used [0x00000000a0000000,0x00000000a1eb3168,0x00000000ac280000)
 Metaspace       used 57046K, capacity 58828K, committed 59008K, reserved 1099776K
  class space    used 8048K, capacity 8483K, committed 8576K, reserved 1048576K
}

Deoptimization events (10 events):
Event: 10.527 Thread 0x000000001d315000 Uncommon trap: reason=unstable_if action=reinterpret pc=0x00000000036644a4 method=jdk.internal.org.objectweb.asm.Item.isEqualTo(Ljdk/internal/org/objectweb/asm/Item;)Z @ 331
Event: 10.548 Thread 0x000000001b4fb000 Uncommon trap: reason=bimorphic action=maybe_recompile pc=0x00000000035ff994 method=java.util.Arrays.binarySearch0([Ljava/lang/Object;IILjava/lang/Object;Ljava/util/Comparator;)I @ 48
Event: 10.548 Thread 0x000000001b4fb000 Uncommon trap: reason=bimorphic action=maybe_recompile pc=0x00000000035ff994 method=java.util.Arrays.binarySearch0([Ljava/lang/Object;IILjava/lang/Object;Ljava/util/Comparator;)I @ 48
Event: 10.548 Thread 0x000000001b4fb000 Uncommon trap: reason=bimorphic action=maybe_recompile pc=0x00000000035ff994 method=java.util.Arrays.binarySearch0([Ljava/lang/Object;IILjava/lang/Object;Ljava/util/Comparator;)I @ 48
Event: 10.550 Thread 0x000000001b4fb000 Uncommon trap: reason=bimorphic action=maybe_recompile pc=0x00000000035ff994 method=java.util.Arrays.binarySearch0([Ljava/lang/Object;IILjava/lang/Object;Ljava/util/Comparator;)I @ 48
Event: 10.554 Thread 0x000000001d31a000 Uncommon trap: reason=unstable_if action=reinterpret pc=0x0000000002db1684 method=java.lang.Class.newReflectionData(Ljava/lang/ref/SoftReference;I)Ljava/lang/Class$ReflectionData; @ 30
Event: 10.617 Thread 0x000000001d318800 Uncommon trap: reason=class_check action=maybe_recompile pc=0x0000000003a0b3d4 method=java.util.Collections$SetFromMap.remove(Ljava/lang/Object;)Z @ 5
Event: 10.617 Thread 0x000000001d31a000 Uncommon trap: reason=class_check action=maybe_recompile pc=0x0000000003a0b3d4 method=java.util.Collections$SetFromMap.remove(Ljava/lang/Object;)Z @ 5
Event: 10.618 Thread 0x000000001d317000 Uncommon trap: reason=class_check action=maybe_recompile pc=0x0000000003a0b3d4 method=java.util.Collections$SetFromMap.remove(Ljava/lang/Object;)Z @ 5
Event: 10.618 Thread 0x000000001d30d800 Uncommon trap: reason=class_check action=maybe_recompile pc=0x0000000003a0b3d4 method=java.util.Collections$SetFromMap.remove(Ljava/lang/Object;)Z @ 5

Classes redefined (0 events):
No events

Internal exceptions (10 events):
Event: 8.184 Thread 0x000000001b4c4000 Exception <a 'java/lang/ClassNotFoundException': org/gradle/api/plugins/internal/DefaultBasePluginConventionCustomizer> (0x00000000e3731700) thrown at [C:\re\workspace\8-2-build-windows-amd64-cygwin\jdk8u191\11896\hotspot\src\share\vm\classfile\systemDict
Event: 8.198 Thread 0x000000001b4c4000 Exception <a 'java/lang/NoSuchMethodError': java.lang.Object.lambda$comparingInt$7b0bb60$1(Ljava/util/function/ToIntFunction;Ljava/lang/Object;Ljava/lang/Object;)I> (0x00000000e37b8290) thrown at [C:\re\workspace\8-2-build-windows-amd64-cygwin\jdk8u191\11
Event: 8.633 Thread 0x000000001b4c4000 Exception <a 'java/lang/ClassNotFoundException': com/android/build/gradle/internal/api/ApkVariantOutputImpl_DecoratedBeanInfo> (0x00000000e4855c78) thrown at [C:\re\workspace\8-2-build-windows-amd64-cygwin\jdk8u191\11896\hotspot\src\share\vm\classfile\sys
Event: 8.634 Thread 0x000000001b4c4000 Exception <a 'java/lang/ClassNotFoundException': com/android/build/gradle/internal/api/ApkVariantOutputImplBeanInfo> (0x00000000e4871ae8) thrown at [C:\re\workspace\8-2-build-windows-amd64-cygwin\jdk8u191\11896\hotspot\src\share\vm\classfile\systemDiction
Event: 8.634 Thread 0x000000001b4c4000 Exception <a 'java/lang/ClassNotFoundException': com/android/build/gradle/internal/api/BaseVariantOutputImplBeanInfo> (0x00000000e488ec70) thrown at [C:\re\workspace\8-2-build-windows-amd64-cygwin\jdk8u191\11896\hotspot\src\share\vm\classfile\systemDictio
Event: 8.635 Thread 0x000000001b4c4000 Exception <a 'java/lang/ClassNotFoundException': com/android/build/gradle/internal/api/BaseVariantOutputImplCustomizer> (0x00000000e48ac310) thrown at [C:\re\workspace\8-2-build-windows-amd64-cygwin\jdk8u191\11896\hotspot\src\share\vm\classfile\systemDict
Event: 8.635 Thread 0x000000001b4c4000 Exception <a 'java/lang/ClassNotFoundException': com/android/build/gradle/internal/api/ApkVariantOutputImplCustomizer> (0x00000000e48e36c8) thrown at [C:\re\workspace\8-2-build-windows-amd64-cygwin\jdk8u191\11896\hotspot\src\share\vm\classfile\systemDicti
Event: 8.636 Thread 0x000000001b4c4000 Exception <a 'java/lang/ClassNotFoundException': com/android/build/gradle/internal/api/ApkVariantOutputImpl_DecoratedCustomizer> (0x00000000e4915de8) thrown at [C:\re\workspace\8-2-build-windows-amd64-cygwin\jdk8u191\11896\hotspot\src\share\vm\classfile\s
Event: 8.991 Thread 0x000000001b4c4000 Exception <a 'java/lang/ClassNotFoundException': com/sun/org/glassfish/hk2/osgiresourcelocator/ServiceLoader> (0x00000000e61dba48) thrown at [C:\re\workspace\8-2-build-windows-amd64-cygwin\jdk8u191\11896\hotspot\src\share\vm\classfile\systemDictionary.cpp
Event: 9.036 Thread 0x000000001b4c4000 Exception <a 'java/lang/NullPointerException'> (0x00000000e66a5560) thrown at [C:\re\workspace\8-2-build-windows-amd64-cygwin\jdk8u191\11896\hotspot\src\share\vm\interpreter\linkResolver.cpp, line 1287]

Events (10 events):
Event: 10.622 loading class org/gradle/execution/ProjectExecutionServiceRegistry
Event: 10.622 loading class org/gradle/execution/ProjectExecutionServiceRegistry done
Event: 10.622 loading class org/gradle/api/internal/artifacts/transform/TransformationSubject
Event: 10.622 loading class org/gradle/api/internal/artifacts/transform/TransformationSubject done
Event: 10.622 loading class org/gradle/api/internal/artifacts/transform/TransformationNode$ChainedTransformationNode$1
Event: 10.622 loading class org/gradle/api/internal/artifacts/transform/TransformationNode$ChainedTransformationNode$1 done
Event: 10.622 loading class org/gradle/api/internal/artifacts/transform/TransformationNode$ChainedTransformationNode$1
Event: 10.622 loading class org/gradle/api/internal/artifacts/transform/TransformationNode$ChainedTransformationNode$1 done
Event: 10.844 Executing VM operation: ForceSafepoint
Event: 10.845 Executing VM operation: ForceSafepoint done


Dynamic libraries:
0x00007ff666c60000 - 0x00007ff666c97000 	C:\Program Files\Java\jdk1.8.0_191\bin\java.exe
0x00007ffcdc2e0000 - 0x00007ffcdc4d0000 	C:\WINDOWS\SYSTEM32\ntdll.dll
0x00007ffcda790000 - 0x00007ffcda842000 	C:\WINDOWS\System32\KERNEL32.DLL
0x00007ffcd95c0000 - 0x00007ffcd9864000 	C:\WINDOWS\System32\KERNELBASE.dll
0x00007ffcda6e0000 - 0x00007ffcda783000 	C:\WINDOWS\System32\ADVAPI32.dll
0x00007ffcdbe70000 - 0x00007ffcdbf0e000 	C:\WINDOWS\System32\msvcrt.dll
0x00007ffcdad20000 - 0x00007ffcdadb7000 	C:\WINDOWS\System32\sechost.dll
0x00007ffcdbf10000 - 0x00007ffcdc030000 	C:\WINDOWS\System32\RPCRT4.dll
0x00007ffcdbc20000 - 0x00007ffcdbdb4000 	C:\WINDOWS\System32\USER32.dll
0x00007ffcd9870000 - 0x00007ffcd9891000 	C:\WINDOWS\System32\win32u.dll
0x00007ffcdaba0000 - 0x00007ffcdabc6000 	C:\WINDOWS\System32\GDI32.dll
0x00007ffcd98a0000 - 0x00007ffcd9a35000 	C:\WINDOWS\System32\gdi32full.dll
0x00007ffcd9a40000 - 0x00007ffcd9ade000 	C:\WINDOWS\System32\msvcp_win.dll
0x00007ffcd94c0000 - 0x00007ffcd95ba000 	C:\WINDOWS\System32\ucrtbase.dll
0x00007ffcc4c70000 - 0x00007ffcc4ef4000 	C:\WINDOWS\WinSxS\amd64_microsoft.windows.common-controls_6595b64144ccf1df_6.0.18362.900_none_e6beb9d913147d17\COMCTL32.dll
0x00007ffcda860000 - 0x00007ffcdab95000 	C:\WINDOWS\System32\combase.dll
0x00007ffcd9ae0000 - 0x00007ffcd9b60000 	C:\WINDOWS\System32\bcryptPrimitives.dll
0x00007ffcdc120000 - 0x00007ffcdc14e000 	C:\WINDOWS\System32\IMM32.DLL
0x000000006ff40000 - 0x0000000070012000 	C:\Program Files\Java\jdk1.8.0_191\jre\bin\msvcr100.dll
0x000000006f690000 - 0x000000006ff34000 	C:\Program Files\Java\jdk1.8.0_191\jre\bin\server\jvm.dll
0x00007ffcda850000 - 0x00007ffcda858000 	C:\WINDOWS\System32\PSAPI.DLL
0x00007ffcd5e40000 - 0x00007ffcd5e64000 	C:\WINDOWS\SYSTEM32\WINMM.dll
0x00007ffcd1af0000 - 0x00007ffcd1afa000 	C:\WINDOWS\SYSTEM32\VERSION.dll
0x00007ffcd5af0000 - 0x00007ffcd5af9000 	C:\WINDOWS\SYSTEM32\WSOCK32.dll
0x00007ffcdadc0000 - 0x00007ffcdae2f000 	C:\WINDOWS\System32\WS2_32.dll
0x00007ffcd5e10000 - 0x00007ffcd5e3d000 	C:\WINDOWS\SYSTEM32\WINMMBASE.dll
0x00007ffcd9450000 - 0x00007ffcd949a000 	C:\WINDOWS\System32\cfgmgr32.dll
0x000000006f680000 - 0x000000006f68f000 	C:\Program Files\Java\jdk1.8.0_191\jre\bin\verify.dll
0x000000006f650000 - 0x000000006f679000 	C:\Program Files\Java\jdk1.8.0_191\jre\bin\java.dll
0x000000006f630000 - 0x000000006f646000 	C:\Program Files\Java\jdk1.8.0_191\jre\bin\zip.dll
0x00007ffcdae30000 - 0x00007ffcdb516000 	C:\WINDOWS\System32\SHELL32.dll
0x00007ffcda4f0000 - 0x00007ffcda599000 	C:\WINDOWS\System32\shcore.dll
0x00007ffcd9c10000 - 0x00007ffcda390000 	C:\WINDOWS\System32\windows.storage.dll
0x00007ffcd9240000 - 0x00007ffcd9263000 	C:\WINDOWS\System32\profapi.dll
0x00007ffcd91f0000 - 0x00007ffcd923a000 	C:\WINDOWS\System32\powrprof.dll
0x00007ffcd91a0000 - 0x00007ffcd91b0000 	C:\WINDOWS\System32\UMPDC.dll
0x00007ffcdac40000 - 0x00007ffcdac92000 	C:\WINDOWS\System32\shlwapi.dll
0x00007ffcd91d0000 - 0x00007ffcd91e1000 	C:\WINDOWS\System32\kernel.appcore.dll
0x00007ffcd94a0000 - 0x00007ffcd94b7000 	C:\WINDOWS\System32\cryptsp.dll
0x000000006f610000 - 0x000000006f62a000 	C:\Program Files\Java\jdk1.8.0_191\jre\bin\net.dll
0x00007ffcb9b50000 - 0x00007ffcb9b70000 	C:\WINDOWS\system32\PrxerDrv.dll
0x00007ffcd89b0000 - 0x00007ffcd8a17000 	C:\WINDOWS\system32\mswsock.dll
0x000000006f5f0000 - 0x000000006f601000 	C:\Program Files\Java\jdk1.8.0_191\jre\bin\nio.dll
0x00007ffcafc30000 - 0x00007ffcafc56000 	C:\Users\11399\.gradle\native\30\windows-amd64\native-platform.dll
0x000000006f5e0000 - 0x000000006f5ed000 	C:\Program Files\Java\jdk1.8.0_191\jre\bin\management.dll
0x00007ffcd8520000 - 0x00007ffcd8553000 	C:\WINDOWS\system32\rsaenh.dll
0x00007ffcd9270000 - 0x00007ffcd9296000 	C:\WINDOWS\System32\bcrypt.dll
0x00007ffcd90c0000 - 0x00007ffcd90e5000 	C:\WINDOWS\SYSTEM32\USERENV.dll
0x00007ffcd8b80000 - 0x00007ffcd8b8c000 	C:\WINDOWS\SYSTEM32\CRYPTBASE.dll
0x00007ffcd86c0000 - 0x00007ffcd86fa000 	C:\WINDOWS\SYSTEM32\IPHLPAPI.DLL
0x00007ffcdac30000 - 0x00007ffcdac38000 	C:\WINDOWS\System32\NSI.dll
0x00007ffcd02e0000 - 0x00007ffcd02f6000 	C:\WINDOWS\SYSTEM32\dhcpcsvc6.DLL
0x00007ffcd01b0000 - 0x00007ffcd01cc000 	C:\WINDOWS\SYSTEM32\dhcpcsvc.DLL
0x00007ffcd8700000 - 0x00007ffcd87cb000 	C:\WINDOWS\SYSTEM32\DNSAPI.dll

VM Arguments:
jvm_args: -Xmx1536m -Dfile.encoding=GBK -Duser.country=CN -Duser.language=zh -Duser.variant 
java_command: org.gradle.launcher.daemon.bootstrap.GradleDaemon 5.6.4
java_class_path (initial): C:\Users\11399\.gradle\wrapper\dists\gradle-5.6.4-all\ankdp27end7byghfw1q2sw75f\gradle-5.6.4\lib\gradle-launcher-5.6.4.jar
Launcher Type: SUN_STANDARD

Environment Variables:
PATH=D:\Program Files (x86)\NetSarang\Xftp 6\;D:\Program Files (x86)\NetSarang\Xshell 6\;D:\ProgramData\Anaconda3;D:\ProgramData\Anaconda3\Library\mingw-w64\bin;D:\ProgramData\Anaconda3\Library\usr\bin;D:\ProgramData\Anaconda3\Library\bin;D:\ProgramData\Anaconda3\Scripts;C:\Program Files (x86)\Common Files\Oracle\Java\javapath;C:\WINDOWS\system32;C:\WINDOWS;C:\WINDOWS\System32\Wbem;C:\WINDOWS\System32\WindowsPowerShell\v1.0\;C:\WINDOWS\System32\OpenSSH\;D:\Program Files\Git\cmd;C:\Program Files (x86)\Common Files\Thunder Network\KanKan\Codecs;C:\Android;C:\Windows\System32;D:\Program Files\nodejs\;C:\ProgramData\chocolatey\bin;C:\Program Files (x86)\NVIDIA Corporation\PhysX\Common;C:\Program Files\NVIDIA Corporation\NVIDIA NvDLISR;D:\Program Files\IDM Computer Solutions\UltraEdit;D:\Program Files\MongoDB\Server\4.2\bin;D:\Program Files\Redis;C:\Users\11399\AppData\Local\Microsoft\WindowsApps;D:\Program Files\JetBrains\IntelliJ IDEA Community Edition 2018.3.3\bin;;D:\Program Files\JetBrains\WebStorm 2020.1\bin;;D:\Program Files\JetBrains\IntelliJ IDEA 2020.1\bin;;;D:\Program Files\JetBrains\PyCharm 2020.1\bin;;C:\Users\11399\AppData\Roaming\npm;D:\Program Files\JetBrains\PyCharm Community Edition 2019.3.3\bin;;D:\Program Files\JetBrains\DataGrip 2020.1.4\bin;
USERNAME=Rakers
OS=Windows_NT
PROCESSOR_IDENTIFIER=Intel64 Family 6 Model 142 Stepping 10, GenuineIntel



---------------  S Y S T E M  ---------------

OS: Windows 10.0 , 64 bit Build 18362 (10.0.18362.900)

CPU:total 8 (initial active 8) (4 cores per cpu, 2 threads per core) family 6 model 142 stepping 10, cmov, cx8, fxsr, mmx, sse, sse2, sse3, ssse3, sse4.1, sse4.2, popcnt, avx, avx2, aes, clmul, erms, 3dnowpref, lzcnt, ht, tsc, tscinvbit, bmi1, bmi2, adx

Memory: 4k page, physical 16410392k(3765136k free), swap 23920408k(4344k free)

vm_info: Java HotSpot(TM) 64-Bit Server VM (25.191-b12) for windows-amd64 JRE (1.8.0_191-b12), built on Oct  6 2018 09:29:03 by "java_re" with MS VC++ 10.0 (VS2010)

time: Fri Jun 26 18:58:27 2020
elapsed time: 10 seconds (0d 0h 0m 10s)

