#
# There is insufficient memory for the Java Runtime Environment to continue.
# Native memory allocation (malloc) failed to allocate 844496 bytes for Chunk::new
# Possible reasons:
#   The system is out of physical RAM or swap space
#   In 32 bit mode, the process size limit was hit
# Possible solutions:
#   Reduce memory load on the system
#   Increase physical memory or swap space
#   Check if swap backing store is full
#   Use 64 bit Java on a 64 bit OS
#   Decrease Java heap size (-Xmx/-Xms)
#   Decrease number of Java threads
#   Decrease Java thread stack sizes (-Xss)
#   Set larger code cache with -XX:ReservedCodeCacheSize=
# This output file may be truncated or incomplete.
#
#  Out of Memory Error (allocation.cpp:390), pid=1584, tid=0x0000000000001e18
#
# JRE version: Java(TM) SE Runtime Environment (8.0_191-b12) (build 1.8.0_191-b12)
# Java VM: Java HotSpot(TM) 64-Bit Server VM (25.191-b12 mixed mode windows-amd64 compressed oops)
# Failed to write core dump. Minidumps are not enabled by default on client versions of Windows
#

---------------  T H R E A D  ---------------

Current thread (0x00000000188c4800):  JavaThread "C2 CompilerThread1" daemon [_thread_in_native, id=7704, stack(0x0000000019130000,0x0000000019230000)]

Stack: [0x0000000019130000,0x0000000019230000]
[error occurred during error reporting (printing stack bounds), id 0xc0000005]

Native frames: (J=compiled Java code, j=interpreted, Vv=VM code, C=native code)


Current CompileTask:
C2:  13181 4061       4       org.objectweb.asm.SymbolTable::addConstantMemberReference (147 bytes)


---------------  P R O C E S S  ---------------

Java Threads: ( => current thread )
  0x000000001afd3000 JavaThread "Cache worker for Build Output Cleanup Cache (E:\Android\Android Stiudio\taotaoshopapp\.gradle\buildOutputCleanup)" [_thread_blocked, id=6664, stack(0x0000000023870000,0x0000000023970000)]
  0x000000001afd5800 JavaThread "Build operations Thread 8" [_thread_blocked, id=19076, stack(0x0000000023170000,0x0000000023270000)]
  0x000000001afd2800 JavaThread "Build operations Thread 7" [_thread_blocked, id=2960, stack(0x0000000023070000,0x0000000023170000)]
  0x000000001afd9000 JavaThread "Build operations Thread 6" [_thread_blocked, id=19008, stack(0x0000000022f70000,0x0000000023070000)]
  0x000000001afd8800 JavaThread "Build operations Thread 5" [_thread_blocked, id=8556, stack(0x0000000022e70000,0x0000000022f70000)]
  0x000000001afd4800 JavaThread "Build operations Thread 4" [_thread_blocked, id=5232, stack(0x0000000022d70000,0x0000000022e70000)]
  0x000000001afd7800 JavaThread "Build operations Thread 3" [_thread_blocked, id=1936, stack(0x0000000022c70000,0x0000000022d70000)]
  0x000000001afd7000 JavaThread "Build operations Thread 2" [_thread_blocked, id=17496, stack(0x0000000021ad0000,0x0000000021bd0000)]
  0x000000001b5f1000 JavaThread "Build operations" [_thread_blocked, id=4136, stack(0x00000000219d0000,0x0000000021ad0000)]
  0x000000001b5f0800 JavaThread "Cache worker for execution history cache (C:\Users\11399\.gradle\caches\5.6.4\executionHistory)" [_thread_blocked, id=10616, stack(0x00000000210d0000,0x00000000211d0000)]
  0x000000001b5f7000 JavaThread "Cache worker for cache directory md-rule (C:\Users\11399\.gradle\caches\5.6.4\md-rule)" [_thread_blocked, id=19868, stack(0x000000001f8f0000,0x000000001f9f0000)]
  0x000000001b5f6800 JavaThread "Cache worker for cache directory md-supplier (C:\Users\11399\.gradle\caches\5.6.4\md-supplier)" [_thread_blocked, id=9312, stack(0x000000001f650000,0x000000001f750000)]
  0x000000001b5f2800 JavaThread "Cache worker for file hash cache (E:\Android\Android Stiudio\taotaoshopapp\.gradle\5.6.4\fileHashes)" [_thread_blocked, id=5252, stack(0x000000001f7f0000,0x000000001f8f0000)]
  0x000000001b5f5000 JavaThread "Cache worker for journal cache (C:\Users\11399\.gradle\caches\journal-1)" [_thread_blocked, id=13300, stack(0x000000001d1b0000,0x000000001d2b0000)]
  0x000000001b5f4000 JavaThread "File lock request listener" [_thread_in_native, id=20972, stack(0x000000001d0b0000,0x000000001d1b0000)]
  0x000000001b5f2000 JavaThread "Cache worker for file hash cache (C:\Users\11399\.gradle\caches\5.6.4\fileHashes)" [_thread_blocked, id=18812, stack(0x000000001cfb0000,0x000000001d0b0000)]
  0x000000001b5b7800 JavaThread "Thread-9" [_thread_blocked, id=18396, stack(0x000000001ccb0000,0x000000001cdb0000)]
  0x000000001b5e8800 JavaThread "Stdin handler" [_thread_blocked, id=1684, stack(0x000000001cbb0000,0x000000001ccb0000)]
  0x000000001b5e5800 JavaThread "Asynchronous log dispatcher for DefaultDaemonConnection: socket connection from /127.0.0.1:10177 to /127.0.0.1:10178" [_thread_blocked, id=19248, stack(0x000000001c9b0000,0x000000001cab0000)]
  0x000000001b5ec000 JavaThread "Daemon worker" [_thread_in_vm, id=18728, stack(0x000000001c8b0000,0x000000001c9b0000)]
  0x000000001b680800 JavaThread "Cancel handler" [_thread_blocked, id=19232, stack(0x000000001c7b0000,0x000000001c8b0000)]
  0x000000001b584800 JavaThread "Handler for socket connection from /127.0.0.1:10177 to /127.0.0.1:10178" [_thread_in_native, id=9880, stack(0x000000001c4b0000,0x000000001c5b0000)]
  0x000000001b586800 JavaThread "Daemon" [_thread_blocked, id=18284, stack(0x000000001c3b0000,0x000000001c4b0000)]
  0x000000001b513800 JavaThread "Daemon periodic checks" [_thread_blocked, id=3804, stack(0x000000001c2b0000,0x000000001c3b0000)]
  0x000000001b512800 JavaThread "Incoming local TCP Connector on port 10177" [_thread_in_native, id=21424, stack(0x000000001c100000,0x000000001c200000)]
  0x000000001b49a800 JavaThread "Daemon health stats" [_thread_blocked, id=16216, stack(0x000000001ae00000,0x000000001af00000)]
  0x0000000018952800 JavaThread "Service Thread" daemon [_thread_blocked, id=3792, stack(0x0000000019430000,0x0000000019530000)]
  0x00000000188cb800 JavaThread "C1 CompilerThread3" daemon [_thread_blocked, id=10332, stack(0x0000000019330000,0x0000000019430000)]
  0x00000000188c5800 JavaThread "C2 CompilerThread2" daemon [_thread_in_native, id=12308, stack(0x0000000019230000,0x0000000019330000)]
=>0x00000000188c4800 JavaThread "C2 CompilerThread1" daemon [_thread_in_native, id=7704, stack(0x0000000019130000,0x0000000019230000)]
  0x00000000188c2800 JavaThread "C2 CompilerThread0" daemon [_thread_in_native, id=1344, stack(0x0000000019030000,0x0000000019130000)]
  0x00000000188bd000 JavaThread "Attach Listener" daemon [_thread_blocked, id=3308, stack(0x0000000018f30000,0x0000000019030000)]
  0x000000001886a000 JavaThread "Signal Dispatcher" daemon [_thread_blocked, id=17856, stack(0x0000000018e30000,0x0000000018f30000)]
  0x0000000018851000 JavaThread "Finalizer" daemon [_thread_blocked, id=17268, stack(0x0000000018d30000,0x0000000018e30000)]
  0x0000000018850800 JavaThread "Reference Handler" daemon [_thread_blocked, id=17944, stack(0x0000000018c30000,0x0000000018d30000)]
  0x0000000002bb2800 JavaThread "main" [_thread_blocked, id=4324, stack(0x0000000002ab0000,0x0000000002bb0000)]

Other Threads:
  0x0000000016a69000 VMThread [stack: 0x0000000018730000,0x0000000018830000] [id=17888]
  0x0000000018986000 WatcherThread [stack: 0x0000000019530000,0x0000000019630000] [id=18344]

VM state:not at safepoint (normal execution)

VM Mutex/Monitor currently owned by a thread: None

Heap:
 PSYoungGen      total 140288K, used 41229K [0x00000000e0000000, 0x00000000e9880000, 0x0000000100000000)
  eden space 127488K, 24% used [0x00000000e0000000,0x00000000e1e8f5b8,0x00000000e7c80000)
  from space 12800K, 77% used [0x00000000e8900000,0x00000000e92b3ec8,0x00000000e9580000)
  to   space 12800K, 0% used [0x00000000e7c80000,0x00000000e7c80000,0x00000000e8900000)
 ParOldGen       total 172032K, used 18258K [0x00000000a0000000, 0x00000000aa800000, 0x00000000e0000000)
  object space 172032K, 10% used [0x00000000a0000000,0x00000000a11d4980,0x00000000aa800000)
 Metaspace       used 44917K, capacity 46254K, committed 46592K, reserved 1089536K
  class space    used 6236K, capacity 6550K, committed 6656K, reserved 1048576K

Card table byte_map: [0x0000000012070000,0x0000000012380000] byte_map_base: 0x0000000011b70000

Marking Bits: (ParMarkBitMap*) 0x000000006feb3e30
 Begin Bits: [0x0000000012d80000, 0x0000000014580000)
 End Bits:   [0x0000000014580000, 0x0000000015d80000)

Polling page: 0x0000000000dd0000

CodeCache: size=245760Kb used=12687Kb max_used=12691Kb free=233072Kb
 bounds [0x0000000002cb0000, 0x0000000003930000, 0x0000000011cb0000]
 total_blobs=4431 nmethods=3680 adapters=662
 compilation: enabled

Compilation events (10 events):
Event: 13.129 Thread 0x00000000188c2800 nmethod 4073 0x0000000003917d10 code [0x0000000003917e60, 0x0000000003917f18]
Event: 13.135 Thread 0x00000000188c2800 4076       4       org.objectweb.asm.SymbolTable::addConstantUtf8Reference (101 bytes)
Event: 13.140 Thread 0x00000000188cb800 4078       3       com.google.common.collect.AbstractMapBasedMultimap::put (92 bytes)
Event: 13.141 Thread 0x00000000188cb800 nmethod 4078 0x000000000391a010 code [0x000000000391a1e0, 0x000000000391a9f8]
Event: 13.162 Thread 0x00000000188cb800 4081       3       com.google.common.base.Preconditions::checkArgument (13 bytes)
Event: 13.162 Thread 0x00000000188cb800 nmethod 4081 0x0000000003919b90 code [0x0000000003919d00, 0x0000000003919f28]
Event: 13.162 Thread 0x00000000188cb800 4082       3       java.util.ArrayDeque::<init> (14 bytes)
Event: 13.163 Thread 0x00000000188cb800 nmethod 4082 0x0000000003919650 code [0x00000000039197c0, 0x0000000003919a70]
Event: 13.176 Thread 0x00000000188cb800 4083       3       org.gradle.internal.instantiation.AsmBackedClassGenerator$ClassBuilderImpl::access$300 (4 bytes)
Event: 13.176 Thread 0x00000000188cb800 nmethod 4083 0x0000000003919350 code [0x00000000039194a0, 0x00000000039195d0]

GC Heap History (10 events):
Event: 6.736 GC heap before
{Heap before GC invocations=6 (full 1):
 PSYoungGen      total 75264K, used 64512K [0x00000000e0000000, 0x00000000e9300000, 0x0000000100000000)
  eden space 64512K, 100% used [0x00000000e0000000,0x00000000e3f00000,0x00000000e3f00000)
  from space 10752K, 0% used [0x00000000e4980000,0x00000000e4980000,0x00000000e5400000)
  to   space 10752K, 0% used [0x00000000e3f00000,0x00000000e3f00000,0x00000000e4980000)
 ParOldGen       total 109056K, used 8278K [0x00000000a0000000, 0x00000000a6a80000, 0x00000000e0000000)
  object space 109056K, 7% used [0x00000000a0000000,0x00000000a0815be0,0x00000000a6a80000)
 Metaspace       used 28371K, capacity 28976K, committed 29312K, reserved 1075200K
  class space    used 3960K, capacity 4143K, committed 4224K, reserved 1048576K
Event: 6.750 GC heap after
Heap after GC invocations=6 (full 1):
 PSYoungGen      total 75264K, used 7843K [0x00000000e0000000, 0x00000000e7280000, 0x0000000100000000)
  eden space 64512K, 0% used [0x00000000e0000000,0x00000000e0000000,0x00000000e3f00000)
  from space 10752K, 72% used [0x00000000e3f00000,0x00000000e46a8c58,0x00000000e4980000)
  to   space 12800K, 0% used [0x00000000e6600000,0x00000000e6600000,0x00000000e7280000)
 ParOldGen       total 109056K, used 8286K [0x00000000a0000000, 0x00000000a6a80000, 0x00000000e0000000)
  object space 109056K, 7% used [0x00000000a0000000,0x00000000a0817be0,0x00000000a6a80000)
 Metaspace       used 28371K, capacity 28976K, committed 29312K, reserved 1075200K
  class space    used 3960K, capacity 4143K, committed 4224K, reserved 1048576K
}
Event: 9.623 GC heap before
{Heap before GC invocations=7 (full 1):
 PSYoungGen      total 75264K, used 72355K [0x00000000e0000000, 0x00000000e7280000, 0x0000000100000000)
  eden space 64512K, 100% used [0x00000000e0000000,0x00000000e3f00000,0x00000000e3f00000)
  from space 10752K, 72% used [0x00000000e3f00000,0x00000000e46a8c58,0x00000000e4980000)
  to   space 12800K, 0% used [0x00000000e6600000,0x00000000e6600000,0x00000000e7280000)
 ParOldGen       total 109056K, used 8286K [0x00000000a0000000, 0x00000000a6a80000, 0x00000000e0000000)
  object space 109056K, 7% used [0x00000000a0000000,0x00000000a0817be0,0x00000000a6a80000)
 Metaspace       used 32308K, capacity 33060K, committed 33152K, reserved 1077248K
  class space    used 4464K, capacity 4683K, committed 4736K, reserved 1048576K
Event: 9.649 GC heap after
Heap after GC invocations=7 (full 1):
 PSYoungGen      total 101376K, used 9023K [0x00000000e0000000, 0x00000000e7080000, 0x0000000100000000)
  eden space 90624K, 0% used [0x00000000e0000000,0x00000000e0000000,0x00000000e5880000)
  from space 10752K, 83% used [0x00000000e6600000,0x00000000e6ecfdb8,0x00000000e7080000)
  to   space 12288K, 0% used [0x00000000e5880000,0x00000000e5880000,0x00000000e6480000)
 ParOldGen       total 109056K, used 8294K [0x00000000a0000000, 0x00000000a6a80000, 0x00000000e0000000)
  object space 109056K, 7% used [0x00000000a0000000,0x00000000a0819be0,0x00000000a6a80000)
 Metaspace       used 32308K, capacity 33060K, committed 33152K, reserved 1077248K
  class space    used 4464K, capacity 4683K, committed 4736K, reserved 1048576K
}
Event: 10.972 GC heap before
{Heap before GC invocations=8 (full 1):
 PSYoungGen      total 101376K, used 63324K [0x00000000e0000000, 0x00000000e7080000, 0x0000000100000000)
  eden space 90624K, 59% used [0x00000000e0000000,0x00000000e3507420,0x00000000e5880000)
  from space 10752K, 83% used [0x00000000e6600000,0x00000000e6ecfdb8,0x00000000e7080000)
  to   space 12288K, 0% used [0x00000000e5880000,0x00000000e5880000,0x00000000e6480000)
 ParOldGen       total 109056K, used 8294K [0x00000000a0000000, 0x00000000a6a80000, 0x00000000e0000000)
  object space 109056K, 7% used [0x00000000a0000000,0x00000000a0819be0,0x00000000a6a80000)
 Metaspace       used 34567K, capacity 35340K, committed 35416K, reserved 1079296K
  class space    used 4874K, capacity 5094K, committed 5120K, reserved 1048576K
Event: 10.988 GC heap after
Heap after GC invocations=8 (full 1):
 PSYoungGen      total 102912K, used 10951K [0x00000000e0000000, 0x00000000e9580000, 0x0000000100000000)
  eden space 90624K, 0% used [0x00000000e0000000,0x00000000e0000000,0x00000000e5880000)
  from space 12288K, 89% used [0x00000000e5880000,0x00000000e6331f18,0x00000000e6480000)
  to   space 12800K, 0% used [0x00000000e8900000,0x00000000e8900000,0x00000000e9580000)
 ParOldGen       total 109056K, used 8302K [0x00000000a0000000, 0x00000000a6a80000, 0x00000000e0000000)
  object space 109056K, 7% used [0x00000000a0000000,0x00000000a081bbe0,0x00000000a6a80000)
 Metaspace       used 34567K, capacity 35340K, committed 35416K, reserved 1079296K
  class space    used 4874K, capacity 5094K, committed 5120K, reserved 1048576K
}
Event: 10.988 GC heap before
{Heap before GC invocations=9 (full 2):
 PSYoungGen      total 102912K, used 10951K [0x00000000e0000000, 0x00000000e9580000, 0x0000000100000000)
  eden space 90624K, 0% used [0x00000000e0000000,0x00000000e0000000,0x00000000e5880000)
  from space 12288K, 89% used [0x00000000e5880000,0x00000000e6331f18,0x00000000e6480000)
  to   space 12800K, 0% used [0x00000000e8900000,0x00000000e8900000,0x00000000e9580000)
 ParOldGen       total 109056K, used 8302K [0x00000000a0000000, 0x00000000a6a80000, 0x00000000e0000000)
  object space 109056K, 7% used [0x00000000a0000000,0x00000000a081bbe0,0x00000000a6a80000)
 Metaspace       used 34567K, capacity 35340K, committed 35416K, reserved 1079296K
  class space    used 4874K, capacity 5094K, committed 5120K, reserved 1048576K
Event: 11.055 GC heap after
Heap after GC invocations=9 (full 2):
 PSYoungGen      total 102912K, used 0K [0x00000000e0000000, 0x00000000e9580000, 0x0000000100000000)
  eden space 90624K, 0% used [0x00000000e0000000,0x00000000e0000000,0x00000000e5880000)
  from space 12288K, 0% used [0x00000000e5880000,0x00000000e5880000,0x00000000e6480000)
  to   space 12800K, 0% used [0x00000000e8900000,0x00000000e8900000,0x00000000e9580000)
 ParOldGen       total 172032K, used 18250K [0x00000000a0000000, 0x00000000aa800000, 0x00000000e0000000)
  object space 172032K, 10% used [0x00000000a0000000,0x00000000a11d2980,0x00000000aa800000)
 Metaspace       used 34567K, capacity 35340K, committed 35416K, reserved 1079296K
  class space    used 4874K, capacity 5094K, committed 5120K, reserved 1048576K
}
Event: 12.659 GC heap before
{Heap before GC invocations=10 (full 2):
 PSYoungGen      total 102912K, used 90624K [0x00000000e0000000, 0x00000000e9580000, 0x0000000100000000)
  eden space 90624K, 100% used [0x00000000e0000000,0x00000000e5880000,0x00000000e5880000)
  from space 12288K, 0% used [0x00000000e5880000,0x00000000e5880000,0x00000000e6480000)
  to   space 12800K, 0% used [0x00000000e8900000,0x00000000e8900000,0x00000000e9580000)
 ParOldGen       total 172032K, used 18250K [0x00000000a0000000, 0x00000000aa800000, 0x00000000e0000000)
  object space 172032K, 10% used [0x00000000a0000000,0x00000000a11d2980,0x00000000aa800000)
 Metaspace       used 42869K, capacity 44134K, committed 44416K, reserved 1087488K
  class space    used 5955K, capacity 6254K, committed 6272K, reserved 1048576K
Event: 12.670 GC heap after
Heap after GC invocations=10 (full 2):
 PSYoungGen      total 140288K, used 9935K [0x00000000e0000000, 0x00000000e9880000, 0x0000000100000000)
  eden space 127488K, 0% used [0x00000000e0000000,0x00000000e0000000,0x00000000e7c80000)
  from space 12800K, 77% used [0x00000000e8900000,0x00000000e92b3ec8,0x00000000e9580000)
  to   space 12800K, 0% used [0x00000000e7c80000,0x00000000e7c80000,0x00000000e8900000)
 ParOldGen       total 172032K, used 18258K [0x00000000a0000000, 0x00000000aa800000, 0x00000000e0000000)
  object space 172032K, 10% used [0x00000000a0000000,0x00000000a11d4980,0x00000000aa800000)
 Metaspace       used 42869K, capacity 44134K, committed 44416K, reserved 1087488K
  class space    used 5955K, capacity 6254K, committed 6272K, reserved 1048576K
}

Deoptimization events (10 events):
Event: 12.907 Thread 0x000000001b5ec000 Uncommon trap: reason=unstable_if action=reinterpret pc=0x0000000002ec0cd8 method=java.util.jar.JarFile.maybeInstantiateVerifier()V @ 4
Event: 12.908 Thread 0x000000001b5ec000 Uncommon trap: reason=unstable_if action=reinterpret pc=0x000000000383da30 method=java.security.CodeSource.<init>(Ljava/net/URL;[Ljava/security/CodeSigner;)V @ 25
Event: 12.909 Thread 0x000000001b5ec000 Uncommon trap: reason=unstable_if action=reinterpret pc=0x000000000323acec method=java.security.CodeSource.getCertificates()[Ljava/security/cert/Certificate; @ 22
Event: 12.909 Thread 0x000000001b5ec000 Uncommon trap: reason=unstable_if action=reinterpret pc=0x00000000036aa868 method=java.util.jar.JarFile.maybeInstantiateVerifier()V @ 4
Event: 12.909 Thread 0x000000001b5ec000 Uncommon trap: reason=unstable_if action=reinterpret pc=0x00000000037980b4 method=java.util.jar.JarFile.maybeInstantiateVerifier()V @ 4
Event: 12.909 Thread 0x000000001b5ec000 Uncommon trap: reason=unstable_if action=reinterpret pc=0x00000000031ccdd8 method=java.util.jar.JarFile.maybeInstantiateVerifier()V @ 4
Event: 12.910 Thread 0x000000001b5ec000 Uncommon trap: reason=unstable_if action=reinterpret pc=0x0000000003784dc0 method=java.security.CodeSource.matchCerts(Ljava/security/CodeSource;Z)Z @ 11
Event: 12.910 Thread 0x000000001b5ec000 Uncommon trap: reason=unstable_if action=reinterpret pc=0x000000000384fce8 method=java.lang.ClassLoader.compareCerts([Ljava/security/cert/Certificate;[Ljava/security/cert/Certificate;)Z @ 1
Event: 12.936 Thread 0x000000001b5ec000 Uncommon trap: reason=unstable_if action=reinterpret pc=0x00000000037da800 method=java.util.LinkedHashMap.get(Ljava/lang/Object;)Ljava/lang/Object; @ 20
Event: 13.045 Thread 0x000000001b5ec000 Uncommon trap: reason=unstable_if action=reinterpret pc=0x00000000035c82a4 method=org.objectweb.asm.ByteVector.putUTF8(Ljava/lang/String;)Lorg/objectweb/asm/ByteVector; @ 93

Classes redefined (0 events):
No events

Internal exceptions (10 events):
Event: 11.843 Thread 0x000000001b5ec000 Exception <a 'java/lang/ClassNotFoundException': org/gradle/api/internal/AbstractTaskCustomizer> (0x00000000e27ef9f0) thrown at [C:\re\workspace\8-2-build-windows-amd64-cygwin\jdk8u191\11896\hotspot\src\share\vm\classfile\systemDictionary.cpp, line 210]
Event: 11.846 Thread 0x000000001b5ec000 Exception <a 'java/lang/ClassNotFoundException': org/gradle/api/DefaultTaskCustomizer> (0x00000000e287b440) thrown at [C:\re\workspace\8-2-build-windows-amd64-cygwin\jdk8u191\11896\hotspot\src\share\vm\classfile\systemDictionary.cpp, line 210]
Event: 11.848 Thread 0x000000001b5ec000 Exception <a 'java/lang/ClassNotFoundException': org/gradle/api/internal/ConventionTaskCustomizer> (0x00000000e28bd9f0) thrown at [C:\re\workspace\8-2-build-windows-amd64-cygwin\jdk8u191\11896\hotspot\src\share\vm\classfile\systemDictionary.cpp, line 210]
Event: 11.850 Thread 0x000000001b5ec000 Exception <a 'java/lang/ClassNotFoundException': org/gradle/api/tasks/DeleteCustomizer> (0x00000000e28fca28) thrown at [C:\re\workspace\8-2-build-windows-amd64-cygwin\jdk8u191\11896\hotspot\src\share\vm\classfile\systemDictionary.cpp, line 210]
Event: 11.853 Thread 0x000000001b5ec000 Exception <a 'java/lang/ClassNotFoundException': org/gradle/api/tasks/Delete_DecoratedCustomizer> (0x00000000e2949628) thrown at [C:\re\workspace\8-2-build-windows-amd64-cygwin\jdk8u191\11896\hotspot\src\share\vm\classfile\systemDictionary.cpp, line 210]
Event: 11.877 Thread 0x000000001b5ec000 Exception <a 'java/lang/ClassNotFoundException': build_87lucqrz1cuzm9d5kpg5r90rvBeanInfo> (0x00000000e2a46b88) thrown at [C:\re\workspace\8-2-build-windows-amd64-cygwin\jdk8u191\11896\hotspot\src\share\vm\classfile\systemDictionary.cpp, line 210]
Event: 11.877 Thread 0x000000001b5ec000 Exception <a 'java/lang/ClassNotFoundException': build_87lucqrz1cuzm9d5kpg5r90rvCustomizer> (0x00000000e2a53598) thrown at [C:\re\workspace\8-2-build-windows-amd64-cygwin\jdk8u191\11896\hotspot\src\share\vm\classfile\systemDictionary.cpp, line 210]
Event: 12.094 Thread 0x000000001b5ec000 Implicit null exception at 0x00000000037bb9d2 to 0x00000000037c0205
Event: 12.094 Thread 0x000000001b5ec000 Implicit null exception at 0x000000000376ec55 to 0x000000000376ef3d
Event: 12.806 Thread 0x000000001b5ec000 Implicit null exception at 0x0000000002f35948 to 0x0000000002f35ad5

Events (10 events):
Event: 13.174 loading class com/android/build/gradle/internal/dsl/LanguageSplitOptions
Event: 13.174 loading class com/android/build/gradle/internal/dsl/LanguageSplitOptions done
Event: 13.174 loading class com/android/build/gradle/internal/dsl/DensitySplitOptions
Event: 13.174 loading class com/android/build/gradle/internal/dsl/DensitySplitOptions done
Event: 13.175 loading class com/android/build/gradle/internal/dsl/SplitOptions
Event: 13.175 loading class com/android/build/gradle/internal/dsl/SplitOptions done
Event: 13.175 loading class com/android/build/gradle/internal/dsl/AbiSplitOptions
Event: 13.175 loading class com/android/build/gradle/internal/dsl/AbiSplitOptions done
Event: 13.178 loading class com/android/resources/Density
Event: 13.178 loading class com/android/resources/Density done


Dynamic libraries:
0x00007ff666c60000 - 0x00007ff666c97000 	C:\Program Files\Java\jdk1.8.0_191\bin\java.exe
0x00007ffcdc2e0000 - 0x00007ffcdc4d0000 	C:\WINDOWS\SYSTEM32\ntdll.dll
0x00007ffcda790000 - 0x00007ffcda842000 	C:\WINDOWS\System32\KERNEL32.DLL
0x00007ffcd95c0000 - 0x00007ffcd9864000 	C:\WINDOWS\System32\KERNELBASE.dll
0x00007ffcda6e0000 - 0x00007ffcda783000 	C:\WINDOWS\System32\ADVAPI32.dll
0x00007ffcdbe70000 - 0x00007ffcdbf0e000 	C:\WINDOWS\System32\msvcrt.dll
0x00007ffcdad20000 - 0x00007ffcdadb7000 	C:\WINDOWS\System32\sechost.dll
0x00007ffcdbf10000 - 0x00007ffcdc030000 	C:\WINDOWS\System32\RPCRT4.dll
0x00007ffcdbc20000 - 0x00007ffcdbdb4000 	C:\WINDOWS\System32\USER32.dll
0x00007ffcd9870000 - 0x00007ffcd9891000 	C:\WINDOWS\System32\win32u.dll
0x00007ffcdaba0000 - 0x00007ffcdabc6000 	C:\WINDOWS\System32\GDI32.dll
0x00007ffcd98a0000 - 0x00007ffcd9a35000 	C:\WINDOWS\System32\gdi32full.dll
0x00007ffcd9a40000 - 0x00007ffcd9ade000 	C:\WINDOWS\System32\msvcp_win.dll
0x00007ffcd94c0000 - 0x00007ffcd95ba000 	C:\WINDOWS\System32\ucrtbase.dll
0x00007ffcc4c70000 - 0x00007ffcc4ef4000 	C:\WINDOWS\WinSxS\amd64_microsoft.windows.common-controls_6595b64144ccf1df_6.0.18362.900_none_e6beb9d913147d17\COMCTL32.dll
0x00007ffcda860000 - 0x00007ffcdab95000 	C:\WINDOWS\System32\combase.dll
0x00007ffcd9ae0000 - 0x00007ffcd9b60000 	C:\WINDOWS\System32\bcryptPrimitives.dll
0x00007ffcdc120000 - 0x00007ffcdc14e000 	C:\WINDOWS\System32\IMM32.DLL
0x000000006ff40000 - 0x0000000070012000 	C:\Program Files\Java\jdk1.8.0_191\jre\bin\msvcr100.dll
0x000000006f690000 - 0x000000006ff34000 	C:\Program Files\Java\jdk1.8.0_191\jre\bin\server\jvm.dll
0x00007ffcda850000 - 0x00007ffcda858000 	C:\WINDOWS\System32\PSAPI.DLL
0x00007ffcd5af0000 - 0x00007ffcd5af9000 	C:\WINDOWS\SYSTEM32\WSOCK32.dll
0x00007ffcd1af0000 - 0x00007ffcd1afa000 	C:\WINDOWS\SYSTEM32\VERSION.dll
0x00007ffcd5e40000 - 0x00007ffcd5e64000 	C:\WINDOWS\SYSTEM32\WINMM.dll
0x00007ffcdadc0000 - 0x00007ffcdae2f000 	C:\WINDOWS\System32\WS2_32.dll
0x00007ffcd5e10000 - 0x00007ffcd5e3d000 	C:\WINDOWS\SYSTEM32\winmmbase.dll
0x00007ffcd9450000 - 0x00007ffcd949a000 	C:\WINDOWS\System32\cfgmgr32.dll
0x000000006f680000 - 0x000000006f68f000 	C:\Program Files\Java\jdk1.8.0_191\jre\bin\verify.dll
0x000000006f650000 - 0x000000006f679000 	C:\Program Files\Java\jdk1.8.0_191\jre\bin\java.dll
0x000000006f630000 - 0x000000006f646000 	C:\Program Files\Java\jdk1.8.0_191\jre\bin\zip.dll
0x00007ffcdae30000 - 0x00007ffcdb516000 	C:\WINDOWS\System32\SHELL32.dll
0x00007ffcda4f0000 - 0x00007ffcda599000 	C:\WINDOWS\System32\shcore.dll
0x00007ffcd9c10000 - 0x00007ffcda390000 	C:\WINDOWS\System32\windows.storage.dll
0x00007ffcd9240000 - 0x00007ffcd9263000 	C:\WINDOWS\System32\profapi.dll
0x00007ffcd91f0000 - 0x00007ffcd923a000 	C:\WINDOWS\System32\powrprof.dll
0x00007ffcd91a0000 - 0x00007ffcd91b0000 	C:\WINDOWS\System32\UMPDC.dll
0x00007ffcdac40000 - 0x00007ffcdac92000 	C:\WINDOWS\System32\shlwapi.dll
0x00007ffcd91d0000 - 0x00007ffcd91e1000 	C:\WINDOWS\System32\kernel.appcore.dll
0x00007ffcd94a0000 - 0x00007ffcd94b7000 	C:\WINDOWS\System32\cryptsp.dll
0x000000006f610000 - 0x000000006f62a000 	C:\Program Files\Java\jdk1.8.0_191\jre\bin\net.dll
0x00007ffcb9b50000 - 0x00007ffcb9b70000 	C:\WINDOWS\system32\PrxerDrv.dll
0x00007ffcd89b0000 - 0x00007ffcd8a17000 	C:\WINDOWS\system32\mswsock.dll
0x000000006f5f0000 - 0x000000006f601000 	C:\Program Files\Java\jdk1.8.0_191\jre\bin\nio.dll
0x00007ffcaf300000 - 0x00007ffcaf326000 	C:\Users\11399\.gradle\native\30\windows-amd64\native-platform.dll
0x000000006f5e0000 - 0x000000006f5ed000 	C:\Program Files\Java\jdk1.8.0_191\jre\bin\management.dll
0x00007ffcd8520000 - 0x00007ffcd8553000 	C:\WINDOWS\system32\rsaenh.dll
0x00007ffcd9270000 - 0x00007ffcd9296000 	C:\WINDOWS\System32\bcrypt.dll
0x00007ffcd90c0000 - 0x00007ffcd90e5000 	C:\WINDOWS\SYSTEM32\USERENV.dll
0x00007ffcd8b80000 - 0x00007ffcd8b8c000 	C:\WINDOWS\SYSTEM32\CRYPTBASE.dll
0x00007ffcd86c0000 - 0x00007ffcd86fa000 	C:\WINDOWS\SYSTEM32\IPHLPAPI.DLL
0x00007ffcdac30000 - 0x00007ffcdac38000 	C:\WINDOWS\System32\NSI.dll
0x00007ffcd02e0000 - 0x00007ffcd02f6000 	C:\WINDOWS\SYSTEM32\dhcpcsvc6.DLL
0x00007ffcd01b0000 - 0x00007ffcd01cc000 	C:\WINDOWS\SYSTEM32\dhcpcsvc.DLL
0x00007ffcd8700000 - 0x00007ffcd87cb000 	C:\WINDOWS\SYSTEM32\DNSAPI.dll

VM Arguments:
jvm_args: -Xmx1536m -Dfile.encoding=GBK -Duser.country=CN -Duser.language=zh -Duser.variant 
java_command: org.gradle.launcher.daemon.bootstrap.GradleDaemon 5.6.4
java_class_path (initial): C:\Users\11399\.gradle\wrapper\dists\gradle-5.6.4-all\ankdp27end7byghfw1q2sw75f\gradle-5.6.4\lib\gradle-launcher-5.6.4.jar
Launcher Type: SUN_STANDARD

Environment Variables:
PATH=D:\Program Files (x86)\NetSarang\Xftp 6\;D:\Program Files (x86)\NetSarang\Xshell 6\;D:\ProgramData\Anaconda3;D:\ProgramData\Anaconda3\Library\mingw-w64\bin;D:\ProgramData\Anaconda3\Library\usr\bin;D:\ProgramData\Anaconda3\Library\bin;D:\ProgramData\Anaconda3\Scripts;C:\Program Files (x86)\Common Files\Oracle\Java\javapath;C:\WINDOWS\system32;C:\WINDOWS;C:\WINDOWS\System32\Wbem;C:\WINDOWS\System32\WindowsPowerShell\v1.0\;C:\WINDOWS\System32\OpenSSH\;D:\Program Files\Git\cmd;C:\Program Files (x86)\Common Files\Thunder Network\KanKan\Codecs;C:\Android;C:\Windows\System32;D:\Program Files\nodejs\;C:\ProgramData\chocolatey\bin;C:\Program Files (x86)\NVIDIA Corporation\PhysX\Common;C:\Program Files\NVIDIA Corporation\NVIDIA NvDLISR;D:\Program Files\IDM Computer Solutions\UltraEdit;D:\Program Files\MongoDB\Server\4.2\bin;D:\Program Files\Redis;C:\Users\11399\AppData\Local\Microsoft\WindowsApps;D:\Program Files\JetBrains\IntelliJ IDEA Community Edition 2018.3.3\bin;;D:\Program Files\JetBrains\WebStorm 2020.1\bin;;D:\Program Files\JetBrains\IntelliJ IDEA 2020.1\bin;;;D:\Program Files\JetBrains\PyCharm 2020.1\bin;;C:\Users\11399\AppData\Roaming\npm;D:\Program Files\JetBrains\PyCharm Community Edition 2019.3.3\bin;;D:\Program Files\JetBrains\DataGrip 2020.1.4\bin;
USERNAME=Rakers
OS=Windows_NT
PROCESSOR_IDENTIFIER=Intel64 Family 6 Model 142 Stepping 10, GenuineIntel



---------------  S Y S T E M  ---------------

OS: Windows 10.0 , 64 bit Build 18362 (10.0.18362.900)

CPU:total 8 (initial active 8) (4 cores per cpu, 2 threads per core) family 6 model 142 stepping 10, cmov, cx8, fxsr, mmx, sse, sse2, sse3, ssse3, sse4.1, sse4.2, popcnt, avx, avx2, aes, clmul, erms, 3dnowpref, lzcnt, ht, tsc, tscinvbit, bmi1, bmi2, adx

Memory: 4k page, physical 16410392k(3546924k free), swap 23920408k(5560k free)

vm_info: Java HotSpot(TM) 64-Bit Server VM (25.191-b12) for windows-amd64 JRE (1.8.0_191-b12), built on Oct  6 2018 09:29:03 by "java_re" with MS VC++ 10.0 (VS2010)

time: Fri Jun 26 18:54:01 2020
elapsed time: 13 seconds (0d 0h 0m 13s)

