#
# There is insufficient memory for the Java Runtime Environment to continue.
# Native memory allocation (malloc) failed to allocate 1953456 bytes for Chunk::new
# Possible reasons:
#   The system is out of physical RAM or swap space
#   In 32 bit mode, the process size limit was hit
# Possible solutions:
#   Reduce memory load on the system
#   Increase physical memory or swap space
#   Check if swap backing store is full
#   Use 64 bit Java on a 64 bit OS
#   Decrease Java heap size (-Xmx/-Xms)
#   Decrease number of Java threads
#   Decrease Java thread stack sizes (-Xss)
#   Set larger code cache with -XX:ReservedCodeCacheSize=
# This output file may be truncated or incomplete.
#
#  Out of Memory Error (allocation.cpp:390), pid=1620, tid=0x0000000000004540
#
# JRE version: Java(TM) SE Runtime Environment (8.0_191-b12) (build 1.8.0_191-b12)
# Java VM: Java HotSpot(TM) 64-Bit Server VM (25.191-b12 mixed mode windows-amd64 compressed oops)
# Failed to write core dump. Minidumps are not enabled by default on client versions of Windows
#

---------------  T H R E A D  ---------------

Current thread (0x0000000018684000):  JavaThread "C2 CompilerThread2" daemon [_thread_in_native, id=17728, stack(0x0000000019050000,0x0000000019150000)]

Stack: [0x0000000019050000,0x0000000019150000]
[error occurred during error reporting (printing stack bounds), id 0xc0000005]

Native frames: (J=compiled Java code, j=interpreted, Vv=VM code, C=native code)


Current CompileTask:
C2:  10194 4490       4       com.sun.beans.TypeResolver::resolve (37 bytes)


---------------  P R O C E S S  ---------------

Java Threads: ( => current thread )
  0x000000001fd86800 JavaThread "Cache worker for Build Output Cleanup Cache (E:\Android\Android Stiudio\taotaoshopapp\.gradle\buildOutputCleanup)" [_thread_blocked, id=1740, stack(0x0000000022090000,0x0000000022190000)]
  0x000000001fd81000 JavaThread "Build operations Thread 8" [_thread_blocked, id=17060, stack(0x0000000021f90000,0x0000000022090000)]
  0x000000001fd83800 JavaThread "Build operations Thread 7" [_thread_blocked, id=11912, stack(0x0000000021e90000,0x0000000021f90000)]
  0x000000001fd85000 JavaThread "Build operations Thread 6" [_thread_blocked, id=13872, stack(0x0000000021d90000,0x0000000021e90000)]
  0x000000001fd82800 JavaThread "Build operations Thread 5" [_thread_blocked, id=19988, stack(0x0000000021c90000,0x0000000021d90000)]
  0x000000001fd84800 JavaThread "Build operations Thread 4" [_thread_blocked, id=9264, stack(0x0000000021b90000,0x0000000021c90000)]
  0x000000001fd86000 JavaThread "Build operations Thread 3" [_thread_blocked, id=10784, stack(0x0000000021a90000,0x0000000021b90000)]
  0x000000001fd7f000 JavaThread "Build operations Thread 2" [_thread_blocked, id=7012, stack(0x0000000021720000,0x0000000021820000)]
  0x000000001b7db000 JavaThread "Build operations" [_thread_blocked, id=18640, stack(0x0000000021620000,0x0000000021720000)]
  0x000000001b7e0000 JavaThread "Cache worker for execution history cache (C:\Users\11399\.gradle\caches\5.6.4\executionHistory)" [_thread_blocked, id=14528, stack(0x0000000020f20000,0x0000000021020000)]
  0x000000001b7dc800 JavaThread "Cache worker for cache directory md-rule (C:\Users\11399\.gradle\caches\5.6.4\md-rule)" [_thread_blocked, id=11844, stack(0x000000001f780000,0x000000001f880000)]
  0x000000001b7da000 JavaThread "Cache worker for cache directory md-supplier (C:\Users\11399\.gradle\caches\5.6.4\md-supplier)" [_thread_blocked, id=15572, stack(0x000000001f4e0000,0x000000001f5e0000)]
  0x000000001b7df800 JavaThread "Cache worker for file hash cache (E:\Android\Android Stiudio\taotaoshopapp\.gradle\5.6.4\fileHashes)" [_thread_blocked, id=18724, stack(0x000000001f680000,0x000000001f780000)]
  0x000000001b7de800 JavaThread "Cache worker for journal cache (C:\Users\11399\.gradle\caches\journal-1)" [_thread_blocked, id=1076, stack(0x000000001d040000,0x000000001d140000)]
  0x000000001b7e1000 JavaThread "File lock request listener" [_thread_in_native, id=20340, stack(0x000000001cf40000,0x000000001d040000)]
  0x000000001b7dd000 JavaThread "Cache worker for file hash cache (C:\Users\11399\.gradle\caches\5.6.4\fileHashes)" [_thread_blocked, id=17532, stack(0x000000001ce40000,0x000000001cf40000)]
  0x000000001b4dd000 JavaThread "Thread-9" [_thread_blocked, id=3892, stack(0x000000001cb40000,0x000000001cc40000)]
  0x000000001b56e800 JavaThread "Stdin handler" [_thread_blocked, id=20136, stack(0x000000001ca40000,0x000000001cb40000)]
  0x000000001b56d800 JavaThread "Asynchronous log dispatcher for DefaultDaemonConnection: socket connection from /127.0.0.1:10153 to /127.0.0.1:10154" [_thread_blocked, id=19704, stack(0x000000001c840000,0x000000001c940000)]
  0x000000001b56b000 JavaThread "Daemon worker" [_thread_in_Java, id=8480, stack(0x000000001c740000,0x000000001c840000)]
  0x000000001b5a5000 JavaThread "Cancel handler" [_thread_blocked, id=1832, stack(0x000000001c640000,0x000000001c740000)]
  0x000000001b4a5800 JavaThread "Handler for socket connection from /127.0.0.1:10153 to /127.0.0.1:10154" [_thread_in_native, id=10656, stack(0x000000001c340000,0x000000001c440000)]
  0x000000001b4a1000 JavaThread "Daemon" [_thread_blocked, id=6832, stack(0x000000001c240000,0x000000001c340000)]
  0x000000001b448000 JavaThread "Daemon periodic checks" [_thread_blocked, id=20184, stack(0x000000001c140000,0x000000001c240000)]
  0x000000001b430000 JavaThread "Incoming local TCP Connector on port 10153" [_thread_in_native, id=14596, stack(0x000000001c040000,0x000000001c140000)]
  0x000000001b37e000 JavaThread "Daemon health stats" [_thread_blocked, id=7160, stack(0x000000001ad40000,0x000000001ae40000)]
  0x0000000018723000 JavaThread "Service Thread" daemon [_thread_blocked, id=21116, stack(0x0000000019250000,0x0000000019350000)]
  0x0000000018698800 JavaThread "C1 CompilerThread3" daemon [_thread_blocked, id=2520, stack(0x0000000019150000,0x0000000019250000)]
=>0x0000000018684000 JavaThread "C2 CompilerThread2" daemon [_thread_in_native, id=17728, stack(0x0000000019050000,0x0000000019150000)]
  0x0000000018683000 JavaThread "C2 CompilerThread1" daemon [_thread_in_native, id=3868, stack(0x0000000018f50000,0x0000000019050000)]
  0x0000000018681000 JavaThread "C2 CompilerThread0" daemon [_thread_blocked, id=16372, stack(0x0000000018e50000,0x0000000018f50000)]
  0x000000001867e000 JavaThread "Attach Listener" daemon [_thread_blocked, id=13996, stack(0x0000000018d50000,0x0000000018e50000)]
  0x000000001862a800 JavaThread "Signal Dispatcher" daemon [_thread_blocked, id=18644, stack(0x0000000018c50000,0x0000000018d50000)]
  0x0000000018611000 JavaThread "Finalizer" daemon [_thread_blocked, id=3328, stack(0x0000000018af0000,0x0000000018bf0000)]
  0x0000000018610800 JavaThread "Reference Handler" daemon [_thread_blocked, id=17712, stack(0x00000000189f0000,0x0000000018af0000)]
  0x0000000002952800 JavaThread "main" [_thread_blocked, id=12876, stack(0x0000000002470000,0x0000000002570000)]

Other Threads:
  0x0000000016809800 VMThread [stack: 0x00000000184f0000,0x00000000185f0000] [id=12584]
  0x000000001874c000 WatcherThread [stack: 0x0000000019350000,0x0000000019450000] [id=4732]

VM state:not at safepoint (normal execution)

VM Mutex/Monitor currently owned by a thread: None

Heap:
 PSYoungGen      total 154624K, used 100355K [0x00000000e0000000, 0x00000000eb880000, 0x0000000100000000)
  eden space 142848K, 62% used [0x00000000e0000000,0x00000000e5681b48,0x00000000e8b80000)
  from space 11776K, 99% used [0x00000000ead00000,0x00000000eb87f1a8,0x00000000eb880000)
  to   space 13824K, 0% used [0x00000000e9d80000,0x00000000e9d80000,0x00000000eab00000)
 ParOldGen       total 158720K, used 18259K [0x00000000a0000000, 0x00000000a9b00000, 0x00000000e0000000)
  object space 158720K, 11% used [0x00000000a0000000,0x00000000a11d4c08,0x00000000a9b00000)
 Metaspace       used 50641K, capacity 52340K, committed 52480K, reserved 1093632K
  class space    used 6983K, capacity 7364K, committed 7424K, reserved 1048576K

Card table byte_map: [0x0000000011e10000,0x0000000012120000] byte_map_base: 0x0000000011910000

Marking Bits: (ParMarkBitMap*) 0x000000006feb3e30
 Begin Bits: [0x0000000012b20000, 0x0000000014320000)
 End Bits:   [0x0000000014320000, 0x0000000015b20000)

Polling page: 0x0000000000790000

CodeCache: size=245760Kb used=14868Kb max_used=14868Kb free=230892Kb
 bounds [0x0000000002a50000, 0x00000000038f0000, 0x0000000011a50000]
 total_blobs=5042 nmethods=4273 adapters=680
 compilation: enabled

Compilation events (10 events):
Event: 10.184 Thread 0x0000000018698800 4694       3       com.google.common.collect.ImmutableMap::of (4 bytes)
Event: 10.184 Thread 0x0000000018698800 nmethod 4694 0x00000000038d5150 code [0x00000000038d52a0, 0x00000000038d53d0]
Event: 10.184 Thread 0x0000000018698800 4693       3       java.util.HashMap$EntrySet::size (8 bytes)
Event: 10.184 Thread 0x0000000018698800 nmethod 4693 0x00000000038d7990 code [0x00000000038d7ae0, 0x00000000038d7c30]
Event: 10.184 Thread 0x0000000018698800 4692       3       org.gradle.internal.instantiation.AsmBackedClassGenerator$ClassBuilderImpl::access$1000 (4 bytes)
Event: 10.184 Thread 0x0000000018698800 nmethod 4692 0x00000000038d7690 code [0x00000000038d77e0, 0x00000000038d7910]
Event: 10.184 Thread 0x0000000018698800 4696       1       java.lang.invoke.MethodHandleImpl$IntrinsicMethodHandle::getTarget (5 bytes)
Event: 10.184 Thread 0x0000000018698800 nmethod 4696 0x00000000038d73d0 code [0x00000000038d7520, 0x00000000038d7630]
Event: 10.191 Thread 0x0000000018698800 4697       3       java.lang.invoke.MethodHandle::asType (28 bytes)
Event: 10.192 Thread 0x0000000018698800 nmethod 4697 0x00000000038d6dd0 code [0x00000000038d6f40, 0x00000000038d72c8]

GC Heap History (10 events):
Event: 5.297 GC heap before
{Heap before GC invocations=6 (full 1):
 PSYoungGen      total 75264K, used 64512K [0x00000000e0000000, 0x00000000e9300000, 0x0000000100000000)
  eden space 64512K, 100% used [0x00000000e0000000,0x00000000e3f00000,0x00000000e3f00000)
  from space 10752K, 0% used [0x00000000e4980000,0x00000000e4980000,0x00000000e5400000)
  to   space 10752K, 0% used [0x00000000e3f00000,0x00000000e3f00000,0x00000000e4980000)
 ParOldGen       total 99328K, used 8314K [0x00000000a0000000, 0x00000000a6100000, 0x00000000e0000000)
  object space 99328K, 8% used [0x00000000a0000000,0x00000000a081e9a0,0x00000000a6100000)
 Metaspace       used 28338K, capacity 28960K, committed 29312K, reserved 1075200K
  class space    used 3964K, capacity 4143K, committed 4224K, reserved 1048576K
Event: 5.302 GC heap after
Heap after GC invocations=6 (full 1):
 PSYoungGen      total 75264K, used 7804K [0x00000000e0000000, 0x00000000e7c00000, 0x0000000100000000)
  eden space 64512K, 0% used [0x00000000e0000000,0x00000000e0000000,0x00000000e3f00000)
  from space 10752K, 72% used [0x00000000e3f00000,0x00000000e469f280,0x00000000e4980000)
  to   space 12800K, 0% used [0x00000000e6f80000,0x00000000e6f80000,0x00000000e7c00000)
 ParOldGen       total 99328K, used 8322K [0x00000000a0000000, 0x00000000a6100000, 0x00000000e0000000)
  object space 99328K, 8% used [0x00000000a0000000,0x00000000a08209a0,0x00000000a6100000)
 Metaspace       used 28338K, capacity 28960K, committed 29312K, reserved 1075200K
  class space    used 3964K, capacity 4143K, committed 4224K, reserved 1048576K
}
Event: 6.081 GC heap before
{Heap before GC invocations=7 (full 1):
 PSYoungGen      total 75264K, used 72316K [0x00000000e0000000, 0x00000000e7c00000, 0x0000000100000000)
  eden space 64512K, 100% used [0x00000000e0000000,0x00000000e3f00000,0x00000000e3f00000)
  from space 10752K, 72% used [0x00000000e3f00000,0x00000000e469f280,0x00000000e4980000)
  to   space 12800K, 0% used [0x00000000e6f80000,0x00000000e6f80000,0x00000000e7c00000)
 ParOldGen       total 99328K, used 8322K [0x00000000a0000000, 0x00000000a6100000, 0x00000000e0000000)
  object space 99328K, 8% used [0x00000000a0000000,0x00000000a08209a0,0x00000000a6100000)
 Metaspace       used 32272K, capacity 33044K, committed 33152K, reserved 1077248K
  class space    used 4466K, capacity 4683K, committed 4736K, reserved 1048576K
Event: 6.096 GC heap after
Heap after GC invocations=7 (full 1):
 PSYoungGen      total 114688K, used 9104K [0x00000000e0000000, 0x00000000e7c80000, 0x0000000100000000)
  eden space 101888K, 0% used [0x00000000e0000000,0x00000000e0000000,0x00000000e6380000)
  from space 12800K, 71% used [0x00000000e6f80000,0x00000000e7864068,0x00000000e7c00000)
  to   space 12288K, 0% used [0x00000000e6380000,0x00000000e6380000,0x00000000e6f80000)
 ParOldGen       total 99328K, used 8330K [0x00000000a0000000, 0x00000000a6100000, 0x00000000e0000000)
  object space 99328K, 8% used [0x00000000a0000000,0x00000000a08229a0,0x00000000a6100000)
 Metaspace       used 32272K, capacity 33044K, committed 33152K, reserved 1077248K
  class space    used 4466K, capacity 4683K, committed 4736K, reserved 1048576K
}
Event: 6.795 GC heap before
{Heap before GC invocations=8 (full 1):
 PSYoungGen      total 114688K, used 63335K [0x00000000e0000000, 0x00000000e7c80000, 0x0000000100000000)
  eden space 101888K, 53% used [0x00000000e0000000,0x00000000e34f5cd0,0x00000000e6380000)
  from space 12800K, 71% used [0x00000000e6f80000,0x00000000e7864068,0x00000000e7c00000)
  to   space 12288K, 0% used [0x00000000e6380000,0x00000000e6380000,0x00000000e6f80000)
 ParOldGen       total 99328K, used 8330K [0x00000000a0000000, 0x00000000a6100000, 0x00000000e0000000)
  object space 99328K, 8% used [0x00000000a0000000,0x00000000a08229a0,0x00000000a6100000)
 Metaspace       used 34570K, capacity 35388K, committed 35416K, reserved 1079296K
  class space    used 4880K, capacity 5094K, committed 5120K, reserved 1048576K
Event: 6.809 GC heap after
Heap after GC invocations=8 (full 1):
 PSYoungGen      total 114176K, used 10999K [0x00000000e0000000, 0x00000000eb980000, 0x0000000100000000)
  eden space 101888K, 0% used [0x00000000e0000000,0x00000000e0000000,0x00000000e6380000)
  from space 12288K, 89% used [0x00000000e6380000,0x00000000e6e3ddd8,0x00000000e6f80000)
  to   space 12800K, 0% used [0x00000000ead00000,0x00000000ead00000,0x00000000eb980000)
 ParOldGen       total 99328K, used 8338K [0x00000000a0000000, 0x00000000a6100000, 0x00000000e0000000)
  object space 99328K, 8% used [0x00000000a0000000,0x00000000a08249a0,0x00000000a6100000)
 Metaspace       used 34570K, capacity 35388K, committed 35416K, reserved 1079296K
  class space    used 4880K, capacity 5094K, committed 5120K, reserved 1048576K
}
Event: 6.809 GC heap before
{Heap before GC invocations=9 (full 2):
 PSYoungGen      total 114176K, used 10999K [0x00000000e0000000, 0x00000000eb980000, 0x0000000100000000)
  eden space 101888K, 0% used [0x00000000e0000000,0x00000000e0000000,0x00000000e6380000)
  from space 12288K, 89% used [0x00000000e6380000,0x00000000e6e3ddd8,0x00000000e6f80000)
  to   space 12800K, 0% used [0x00000000ead00000,0x00000000ead00000,0x00000000eb980000)
 ParOldGen       total 99328K, used 8338K [0x00000000a0000000, 0x00000000a6100000, 0x00000000e0000000)
  object space 99328K, 8% used [0x00000000a0000000,0x00000000a08249a0,0x00000000a6100000)
 Metaspace       used 34570K, capacity 35388K, committed 35416K, reserved 1079296K
  class space    used 4880K, capacity 5094K, committed 5120K, reserved 1048576K
Event: 6.882 GC heap after
Heap after GC invocations=9 (full 2):
 PSYoungGen      total 114176K, used 0K [0x00000000e0000000, 0x00000000eb980000, 0x0000000100000000)
  eden space 101888K, 0% used [0x00000000e0000000,0x00000000e0000000,0x00000000e6380000)
  from space 12288K, 0% used [0x00000000e6380000,0x00000000e6380000,0x00000000e6f80000)
  to   space 12800K, 0% used [0x00000000ead00000,0x00000000ead00000,0x00000000eb980000)
 ParOldGen       total 158720K, used 18251K [0x00000000a0000000, 0x00000000a9b00000, 0x00000000e0000000)
  object space 158720K, 11% used [0x00000000a0000000,0x00000000a11d2c08,0x00000000a9b00000)
 Metaspace       used 34570K, capacity 35388K, committed 35416K, reserved 1079296K
  class space    used 4880K, capacity 5094K, committed 5120K, reserved 1048576K
}
Event: 8.908 GC heap before
{Heap before GC invocations=10 (full 2):
 PSYoungGen      total 114176K, used 101888K [0x00000000e0000000, 0x00000000eb980000, 0x0000000100000000)
  eden space 101888K, 100% used [0x00000000e0000000,0x00000000e6380000,0x00000000e6380000)
  from space 12288K, 0% used [0x00000000e6380000,0x00000000e6380000,0x00000000e6f80000)
  to   space 12800K, 0% used [0x00000000ead00000,0x00000000ead00000,0x00000000eb980000)
 ParOldGen       total 158720K, used 18251K [0x00000000a0000000, 0x00000000a9b00000, 0x00000000e0000000)
  object space 158720K, 11% used [0x00000000a0000000,0x00000000a11d2c08,0x00000000a9b00000)
 Metaspace       used 44154K, capacity 45470K, committed 45696K, reserved 1089536K
  class space    used 6127K, capacity 6422K, committed 6528K, reserved 1048576K
Event: 8.919 GC heap after
Heap after GC invocations=10 (full 2):
 PSYoungGen      total 154624K, used 11772K [0x00000000e0000000, 0x00000000eb880000, 0x0000000100000000)
  eden space 142848K, 0% used [0x00000000e0000000,0x00000000e0000000,0x00000000e8b80000)
  from space 11776K, 99% used [0x00000000ead00000,0x00000000eb87f1a8,0x00000000eb880000)
  to   space 13824K, 0% used [0x00000000e9d80000,0x00000000e9d80000,0x00000000eab00000)
 ParOldGen       total 158720K, used 18259K [0x00000000a0000000, 0x00000000a9b00000, 0x00000000e0000000)
  object space 158720K, 11% used [0x00000000a0000000,0x00000000a11d4c08,0x00000000a9b00000)
 Metaspace       used 44154K, capacity 45470K, committed 45696K, reserved 1089536K
  class space    used 6127K, capacity 6422K, committed 6528K, reserved 1048576K
}

Deoptimization events (10 events):
Event: 8.903 Thread 0x000000001b56b000 Uncommon trap: reason=unstable_if action=reinterpret pc=0x00000000035c8b9c method=java.security.CodeSource.getCertificates()[Ljava/security/cert/Certificate; @ 4
Event: 8.947 Thread 0x000000001b56b000 Uncommon trap: reason=unstable_if action=reinterpret pc=0x0000000003066994 method=java.util.LinkedHashMap.get(Ljava/lang/Object;)Ljava/lang/Object; @ 20
Event: 9.023 Thread 0x000000001b56b000 Uncommon trap: reason=unstable_if action=reinterpret pc=0x000000000333c564 method=org.objectweb.asm.ByteVector.putUTF8(Ljava/lang/String;)Lorg/objectweb/asm/ByteVector; @ 93
Event: 9.143 Thread 0x000000001b56b000 Uncommon trap: reason=unstable_if action=reinterpret pc=0x00000000032cc130 method=org.objectweb.asm.ByteVector.putUTF8(Ljava/lang/String;)Lorg/objectweb/asm/ByteVector; @ 93
Event: 9.486 Thread 0x000000001b56b000 Uncommon trap: reason=unstable_if action=reinterpret pc=0x000000000360fed8 method=org.gradle.internal.reflect.PropertyAccessorType.of(Ljava/lang/reflect/Method;)Lorg/gradle/internal/reflect/PropertyAccessorType; @ 56
Event: 9.675 Thread 0x000000001b56b000 Uncommon trap: reason=speculate_class_check action=maybe_recompile pc=0x000000000307b228 method=com.google.common.collect.AbstractIndexedListIterator.next()Ljava/lang/Object; @ 27
Event: 9.675 Thread 0x000000001b56b000 Uncommon trap: reason=speculate_class_check action=maybe_recompile pc=0x000000000307b228 method=com.google.common.collect.AbstractIndexedListIterator.next()Ljava/lang/Object; @ 27
Event: 9.675 Thread 0x000000001b56b000 Uncommon trap: reason=speculate_class_check action=maybe_recompile pc=0x000000000307b228 method=com.google.common.collect.AbstractIndexedListIterator.next()Ljava/lang/Object; @ 27
Event: 9.675 Thread 0x000000001b56b000 Uncommon trap: reason=speculate_class_check action=maybe_recompile pc=0x000000000307b228 method=com.google.common.collect.AbstractIndexedListIterator.next()Ljava/lang/Object; @ 27
Event: 9.695 Thread 0x000000001b56b000 Uncommon trap: reason=unstable_if action=reinterpret pc=0x00000000036c34b0 method=org.gradle.internal.instantiation.AbstractClassGenerator$InjectionAnnotationValidator.validateMethod(Ljava/lang/reflect/Method;Lorg/gradle/internal/reflect/PropertyAccessorT

Classes redefined (0 events):
No events

Internal exceptions (10 events):
Event: 9.839 Thread 0x000000001b56b000 Exception <a 'java/lang/ClassNotFoundException': org/gradle/api/internal/file/AbstractFileCollectionBeanInfo> (0x00000000e463e7e0) thrown at [C:\re\workspace\8-2-build-windows-amd64-cygwin\jdk8u191\11896\hotspot\src\share\vm\classfile\systemDictionary.cpp
Event: 9.840 Thread 0x000000001b56b000 Exception <a 'java/lang/ClassNotFoundException': org/gradle/api/internal/file/AbstractFileCollectionCustomizer> (0x00000000e467c070) thrown at [C:\re\workspace\8-2-build-windows-amd64-cygwin\jdk8u191\11896\hotspot\src\share\vm\classfile\systemDictionary.c
Event: 9.842 Thread 0x000000001b56b000 Exception <a 'java/lang/ClassNotFoundException': org/gradle/api/internal/file/CompositeFileCollectionCustomizer> (0x00000000e46c99f0) thrown at [C:\re\workspace\8-2-build-windows-amd64-cygwin\jdk8u191\11896\hotspot\src\share\vm\classfile\systemDictionary.
Event: 9.844 Thread 0x000000001b56b000 Exception <a 'java/lang/ClassNotFoundException': org/gradle/api/internal/file/CompositeFileTreeCustomizer> (0x00000000e4713a70) thrown at [C:\re\workspace\8-2-build-windows-amd64-cygwin\jdk8u191\11896\hotspot\src\share\vm\classfile\systemDictionary.cpp, l
Event: 9.845 Thread 0x000000001b56b000 Exception <a 'java/lang/ClassNotFoundException': org/gradle/api/internal/file/collections/DefaultConfigurableFileTreeCustomizer> (0x00000000e47688e8) thrown at [C:\re\workspace\8-2-build-windows-amd64-cygwin\jdk8u191\11896\hotspot\src\share\vm\classfile\s
Event: 10.076 Thread 0x000000001b56b000 Exception <a 'java/lang/ClassNotFoundException': org/gradle/api/plugins/internal/DefaultBasePluginConventionBeanInfo> (0x00000000e517a348) thrown at [C:\re\workspace\8-2-build-windows-amd64-cygwin\jdk8u191\11896\hotspot\src\share\vm\classfile\systemDictio
Event: 10.077 Thread 0x000000001b56b000 Exception <a 'java/lang/ClassNotFoundException': org/gradle/api/plugins/BasePluginConventionBeanInfo> (0x00000000e51a4aa0) thrown at [C:\re\workspace\8-2-build-windows-amd64-cygwin\jdk8u191\11896\hotspot\src\share\vm\classfile\systemDictionary.cpp, line 2
Event: 10.077 Thread 0x000000001b56b000 Exception <a 'java/lang/ClassNotFoundException': org/gradle/api/plugins/BasePluginConventionCustomizer> (0x00000000e51cf840) thrown at [C:\re\workspace\8-2-build-windows-amd64-cygwin\jdk8u191\11896\hotspot\src\share\vm\classfile\systemDictionary.cpp, line
Event: 10.079 Thread 0x000000001b56b000 Exception <a 'java/lang/ClassNotFoundException': org/gradle/api/plugins/internal/DefaultBasePluginConventionCustomizer> (0x00000000e52145c0) thrown at [C:\re\workspace\8-2-build-windows-amd64-cygwin\jdk8u191\11896\hotspot\src\share\vm\classfile\systemDict
Event: 10.096 Thread 0x000000001b56b000 Exception <a 'java/lang/NoSuchMethodError': java.lang.Object.lambda$comparingInt$7b0bb60$1(Ljava/util/function/ToIntFunction;Ljava/lang/Object;Ljava/lang/Object;)I> (0x00000000e529b150) thrown at [C:\re\workspace\8-2-build-windows-amd64-cygwin\jdk8u191\11

Events (10 events):
Event: 10.190 loading class com/android/build/gradle/internal/variant/BaseVariantData
Event: 10.190 loading class com/android/build/gradle/internal/variant/BaseVariantData done
Event: 10.191 loading class com/android/build/gradle/internal/variant/BaseVariantData
Event: 10.191 loading class com/android/build/gradle/internal/variant/BaseVariantData done
Event: 10.191 loading class org/gradle/api/Task
Event: 10.191 loading class org/gradle/api/Task done
Event: 10.191 loading class org/gradle/api/Action
Event: 10.191 loading class org/gradle/api/Action done
Event: 10.192 loading class com/android/build/gradle/internal/tasks/factory/TaskFactoryUtils$dependsOn$1$1$1
Event: 10.192 loading class com/android/build/gradle/internal/tasks/factory/TaskFactoryUtils$dependsOn$1$1$1 done


Dynamic libraries:
0x00007ff666c60000 - 0x00007ff666c97000 	C:\Program Files\Java\jdk1.8.0_191\bin\java.exe
0x00007ffcdc2e0000 - 0x00007ffcdc4d0000 	C:\WINDOWS\SYSTEM32\ntdll.dll
0x00007ffcda790000 - 0x00007ffcda842000 	C:\WINDOWS\System32\KERNEL32.DLL
0x00007ffcd95c0000 - 0x00007ffcd9864000 	C:\WINDOWS\System32\KERNELBASE.dll
0x00007ffcda6e0000 - 0x00007ffcda783000 	C:\WINDOWS\System32\ADVAPI32.dll
0x00007ffcdbe70000 - 0x00007ffcdbf0e000 	C:\WINDOWS\System32\msvcrt.dll
0x00007ffcdad20000 - 0x00007ffcdadb7000 	C:\WINDOWS\System32\sechost.dll
0x00007ffcdbf10000 - 0x00007ffcdc030000 	C:\WINDOWS\System32\RPCRT4.dll
0x00007ffcdbc20000 - 0x00007ffcdbdb4000 	C:\WINDOWS\System32\USER32.dll
0x00007ffcd9870000 - 0x00007ffcd9891000 	C:\WINDOWS\System32\win32u.dll
0x00007ffcdaba0000 - 0x00007ffcdabc6000 	C:\WINDOWS\System32\GDI32.dll
0x00007ffcd98a0000 - 0x00007ffcd9a35000 	C:\WINDOWS\System32\gdi32full.dll
0x00007ffcd9a40000 - 0x00007ffcd9ade000 	C:\WINDOWS\System32\msvcp_win.dll
0x00007ffcd94c0000 - 0x00007ffcd95ba000 	C:\WINDOWS\System32\ucrtbase.dll
0x00007ffcc4c70000 - 0x00007ffcc4ef4000 	C:\WINDOWS\WinSxS\amd64_microsoft.windows.common-controls_6595b64144ccf1df_6.0.18362.900_none_e6beb9d913147d17\COMCTL32.dll
0x00007ffcda860000 - 0x00007ffcdab95000 	C:\WINDOWS\System32\combase.dll
0x00007ffcd9ae0000 - 0x00007ffcd9b60000 	C:\WINDOWS\System32\bcryptPrimitives.dll
0x00007ffcdc120000 - 0x00007ffcdc14e000 	C:\WINDOWS\System32\IMM32.DLL
0x000000006ff40000 - 0x0000000070012000 	C:\Program Files\Java\jdk1.8.0_191\jre\bin\msvcr100.dll
0x000000006f690000 - 0x000000006ff34000 	C:\Program Files\Java\jdk1.8.0_191\jre\bin\server\jvm.dll
0x00007ffcda850000 - 0x00007ffcda858000 	C:\WINDOWS\System32\PSAPI.DLL
0x00007ffcd5af0000 - 0x00007ffcd5af9000 	C:\WINDOWS\SYSTEM32\WSOCK32.dll
0x00007ffcd1af0000 - 0x00007ffcd1afa000 	C:\WINDOWS\SYSTEM32\VERSION.dll
0x00007ffcd5e40000 - 0x00007ffcd5e64000 	C:\WINDOWS\SYSTEM32\WINMM.dll
0x00007ffcdadc0000 - 0x00007ffcdae2f000 	C:\WINDOWS\System32\WS2_32.dll
0x00007ffcd5e10000 - 0x00007ffcd5e3d000 	C:\WINDOWS\SYSTEM32\winmmbase.dll
0x00007ffcd9450000 - 0x00007ffcd949a000 	C:\WINDOWS\System32\cfgmgr32.dll
0x000000006f680000 - 0x000000006f68f000 	C:\Program Files\Java\jdk1.8.0_191\jre\bin\verify.dll
0x000000006f650000 - 0x000000006f679000 	C:\Program Files\Java\jdk1.8.0_191\jre\bin\java.dll
0x000000006f630000 - 0x000000006f646000 	C:\Program Files\Java\jdk1.8.0_191\jre\bin\zip.dll
0x00007ffcdae30000 - 0x00007ffcdb516000 	C:\WINDOWS\System32\SHELL32.dll
0x00007ffcda4f0000 - 0x00007ffcda599000 	C:\WINDOWS\System32\shcore.dll
0x00007ffcd9c10000 - 0x00007ffcda390000 	C:\WINDOWS\System32\windows.storage.dll
0x00007ffcd9240000 - 0x00007ffcd9263000 	C:\WINDOWS\System32\profapi.dll
0x00007ffcd91f0000 - 0x00007ffcd923a000 	C:\WINDOWS\System32\powrprof.dll
0x00007ffcd91a0000 - 0x00007ffcd91b0000 	C:\WINDOWS\System32\UMPDC.dll
0x00007ffcdac40000 - 0x00007ffcdac92000 	C:\WINDOWS\System32\shlwapi.dll
0x00007ffcd91d0000 - 0x00007ffcd91e1000 	C:\WINDOWS\System32\kernel.appcore.dll
0x00007ffcd94a0000 - 0x00007ffcd94b7000 	C:\WINDOWS\System32\cryptsp.dll
0x000000006f610000 - 0x000000006f62a000 	C:\Program Files\Java\jdk1.8.0_191\jre\bin\net.dll
0x00007ffcb9b50000 - 0x00007ffcb9b70000 	C:\WINDOWS\system32\PrxerDrv.dll
0x00007ffcd89b0000 - 0x00007ffcd8a17000 	C:\WINDOWS\system32\mswsock.dll
0x000000006f5f0000 - 0x000000006f601000 	C:\Program Files\Java\jdk1.8.0_191\jre\bin\nio.dll
0x00007ffcaf300000 - 0x00007ffcaf326000 	C:\Users\11399\.gradle\native\30\windows-amd64\native-platform.dll
0x000000006f5e0000 - 0x000000006f5ed000 	C:\Program Files\Java\jdk1.8.0_191\jre\bin\management.dll
0x00007ffcd8520000 - 0x00007ffcd8553000 	C:\WINDOWS\system32\rsaenh.dll
0x00007ffcd9270000 - 0x00007ffcd9296000 	C:\WINDOWS\System32\bcrypt.dll
0x00007ffcd90c0000 - 0x00007ffcd90e5000 	C:\WINDOWS\SYSTEM32\USERENV.dll
0x00007ffcd8b80000 - 0x00007ffcd8b8c000 	C:\WINDOWS\SYSTEM32\CRYPTBASE.dll
0x00007ffcd86c0000 - 0x00007ffcd86fa000 	C:\WINDOWS\SYSTEM32\IPHLPAPI.DLL
0x00007ffcdac30000 - 0x00007ffcdac38000 	C:\WINDOWS\System32\NSI.dll
0x00007ffcd02e0000 - 0x00007ffcd02f6000 	C:\WINDOWS\SYSTEM32\dhcpcsvc6.DLL
0x00007ffcd01b0000 - 0x00007ffcd01cc000 	C:\WINDOWS\SYSTEM32\dhcpcsvc.DLL
0x00007ffcd8700000 - 0x00007ffcd87cb000 	C:\WINDOWS\SYSTEM32\DNSAPI.dll

VM Arguments:
jvm_args: -Xmx1536m -Dfile.encoding=GBK -Duser.country=CN -Duser.language=zh -Duser.variant 
java_command: org.gradle.launcher.daemon.bootstrap.GradleDaemon 5.6.4
java_class_path (initial): C:\Users\11399\.gradle\wrapper\dists\gradle-5.6.4-all\ankdp27end7byghfw1q2sw75f\gradle-5.6.4\lib\gradle-launcher-5.6.4.jar
Launcher Type: SUN_STANDARD

Environment Variables:
PATH=D:\Program Files (x86)\NetSarang\Xftp 6\;D:\Program Files (x86)\NetSarang\Xshell 6\;D:\ProgramData\Anaconda3;D:\ProgramData\Anaconda3\Library\mingw-w64\bin;D:\ProgramData\Anaconda3\Library\usr\bin;D:\ProgramData\Anaconda3\Library\bin;D:\ProgramData\Anaconda3\Scripts;C:\Program Files (x86)\Common Files\Oracle\Java\javapath;C:\WINDOWS\system32;C:\WINDOWS;C:\WINDOWS\System32\Wbem;C:\WINDOWS\System32\WindowsPowerShell\v1.0\;C:\WINDOWS\System32\OpenSSH\;D:\Program Files\Git\cmd;C:\Program Files (x86)\Common Files\Thunder Network\KanKan\Codecs;C:\Android;C:\Windows\System32;D:\Program Files\nodejs\;C:\ProgramData\chocolatey\bin;C:\Program Files (x86)\NVIDIA Corporation\PhysX\Common;C:\Program Files\NVIDIA Corporation\NVIDIA NvDLISR;D:\Program Files\IDM Computer Solutions\UltraEdit;D:\Program Files\MongoDB\Server\4.2\bin;D:\Program Files\Redis;C:\Users\11399\AppData\Local\Microsoft\WindowsApps;D:\Program Files\JetBrains\IntelliJ IDEA Community Edition 2018.3.3\bin;;D:\Program Files\JetBrains\WebStorm 2020.1\bin;;D:\Program Files\JetBrains\IntelliJ IDEA 2020.1\bin;;;D:\Program Files\JetBrains\PyCharm 2020.1\bin;;C:\Users\11399\AppData\Roaming\npm;D:\Program Files\JetBrains\PyCharm Community Edition 2019.3.3\bin;;D:\Program Files\JetBrains\DataGrip 2020.1.4\bin;
USERNAME=Rakers
OS=Windows_NT
PROCESSOR_IDENTIFIER=Intel64 Family 6 Model 142 Stepping 10, GenuineIntel



---------------  S Y S T E M  ---------------

OS: Windows 10.0 , 64 bit Build 18362 (10.0.18362.900)

CPU:total 8 (initial active 8) (4 cores per cpu, 2 threads per core) family 6 model 142 stepping 10, cmov, cx8, fxsr, mmx, sse, sse2, sse3, ssse3, sse4.1, sse4.2, popcnt, avx, avx2, aes, clmul, erms, 3dnowpref, lzcnt, ht, tsc, tscinvbit, bmi1, bmi2, adx

Memory: 4k page, physical 16410392k(3560748k free), swap 23920408k(5528k free)

vm_info: Java HotSpot(TM) 64-Bit Server VM (25.191-b12) for windows-amd64 JRE (1.8.0_191-b12), built on Oct  6 2018 09:29:03 by "java_re" with MS VC++ 10.0 (VS2010)

time: Fri Jun 26 18:53:39 2020
elapsed time: 10 seconds (0d 0h 0m 10s)

